[2024-02-11 19:14:51,765] {scheduler_job.py:182} INFO - Started process (PID=181) to work on /usr/local/lib/python3.8/site-packages/airflow/example_dags/example_kubernetes_executor_config.py
[2024-02-11 19:14:51,766] {scheduler_job.py:629} INFO - Processing file /usr/local/lib/python3.8/site-packages/airflow/example_dags/example_kubernetes_executor_config.py for tasks to queue
[2024-02-11 19:14:51,767] {logging_mixin.py:104} INFO - [2024-02-11 19:14:51,767] {dagbag.py:451} INFO - Filling up the DagBag from /usr/local/lib/python3.8/site-packages/airflow/example_dags/example_kubernetes_executor_config.py
[2024-02-11 19:14:51,776] {logging_mixin.py:104} INFO - [2024-02-11 19:14:51,776] {example_kubernetes_executor_config.py:175} WARNING - Could not import DAGs in example_kubernetes_executor_config.py: No module named 'kubernetes'
[2024-02-11 19:14:51,777] {logging_mixin.py:104} INFO - [2024-02-11 19:14:51,777] {example_kubernetes_executor_config.py:176} WARNING - Install kubernetes dependencies with: pip install apache-airflow['cncf.kubernetes']
[2024-02-11 19:14:51,778] {scheduler_job.py:641} WARNING - No viable dags retrieved from /usr/local/lib/python3.8/site-packages/airflow/example_dags/example_kubernetes_executor_config.py
[2024-02-11 19:14:51,794] {scheduler_job.py:190} INFO - Processing /usr/local/lib/python3.8/site-packages/airflow/example_dags/example_kubernetes_executor_config.py took 0.031 seconds
[2024-02-11 19:15:21,676] {scheduler_job.py:182} INFO - Started process (PID=206) to work on /usr/local/lib/python3.8/site-packages/airflow/example_dags/example_kubernetes_executor_config.py
[2024-02-11 19:15:21,678] {scheduler_job.py:629} INFO - Processing file /usr/local/lib/python3.8/site-packages/airflow/example_dags/example_kubernetes_executor_config.py for tasks to queue
[2024-02-11 19:15:21,679] {logging_mixin.py:104} INFO - [2024-02-11 19:15:21,679] {dagbag.py:451} INFO - Filling up the DagBag from /usr/local/lib/python3.8/site-packages/airflow/example_dags/example_kubernetes_executor_config.py
[2024-02-11 19:15:21,683] {logging_mixin.py:104} INFO - [2024-02-11 19:15:21,683] {example_kubernetes_executor_config.py:175} WARNING - Could not import DAGs in example_kubernetes_executor_config.py: No module named 'kubernetes'
[2024-02-11 19:15:21,684] {logging_mixin.py:104} INFO - [2024-02-11 19:15:21,684] {example_kubernetes_executor_config.py:176} WARNING - Install kubernetes dependencies with: pip install apache-airflow['cncf.kubernetes']
[2024-02-11 19:15:21,684] {scheduler_job.py:641} WARNING - No viable dags retrieved from /usr/local/lib/python3.8/site-packages/airflow/example_dags/example_kubernetes_executor_config.py
[2024-02-11 19:15:21,700] {scheduler_job.py:190} INFO - Processing /usr/local/lib/python3.8/site-packages/airflow/example_dags/example_kubernetes_executor_config.py took 0.028 seconds
[2024-02-11 19:15:52,203] {scheduler_job.py:182} INFO - Started process (PID=357) to work on /usr/local/lib/python3.8/site-packages/airflow/example_dags/example_kubernetes_executor_config.py
[2024-02-11 19:15:52,205] {scheduler_job.py:629} INFO - Processing file /usr/local/lib/python3.8/site-packages/airflow/example_dags/example_kubernetes_executor_config.py for tasks to queue
[2024-02-11 19:15:52,206] {logging_mixin.py:104} INFO - [2024-02-11 19:15:52,206] {dagbag.py:451} INFO - Filling up the DagBag from /usr/local/lib/python3.8/site-packages/airflow/example_dags/example_kubernetes_executor_config.py
[2024-02-11 19:15:52,211] {logging_mixin.py:104} INFO - [2024-02-11 19:15:52,211] {example_kubernetes_executor_config.py:175} WARNING - Could not import DAGs in example_kubernetes_executor_config.py: No module named 'kubernetes'
[2024-02-11 19:15:52,212] {logging_mixin.py:104} INFO - [2024-02-11 19:15:52,212] {example_kubernetes_executor_config.py:176} WARNING - Install kubernetes dependencies with: pip install apache-airflow['cncf.kubernetes']
[2024-02-11 19:15:52,213] {scheduler_job.py:641} WARNING - No viable dags retrieved from /usr/local/lib/python3.8/site-packages/airflow/example_dags/example_kubernetes_executor_config.py
[2024-02-11 19:15:52,229] {scheduler_job.py:190} INFO - Processing /usr/local/lib/python3.8/site-packages/airflow/example_dags/example_kubernetes_executor_config.py took 0.029 seconds
[2024-02-11 19:16:22,645] {scheduler_job.py:182} INFO - Started process (PID=492) to work on /usr/local/lib/python3.8/site-packages/airflow/example_dags/example_kubernetes_executor_config.py
[2024-02-11 19:16:22,647] {scheduler_job.py:629} INFO - Processing file /usr/local/lib/python3.8/site-packages/airflow/example_dags/example_kubernetes_executor_config.py for tasks to queue
[2024-02-11 19:16:22,647] {logging_mixin.py:104} INFO - [2024-02-11 19:16:22,647] {dagbag.py:451} INFO - Filling up the DagBag from /usr/local/lib/python3.8/site-packages/airflow/example_dags/example_kubernetes_executor_config.py
[2024-02-11 19:16:22,652] {logging_mixin.py:104} INFO - [2024-02-11 19:16:22,652] {example_kubernetes_executor_config.py:175} WARNING - Could not import DAGs in example_kubernetes_executor_config.py: No module named 'kubernetes'
[2024-02-11 19:16:22,653] {logging_mixin.py:104} INFO - [2024-02-11 19:16:22,653] {example_kubernetes_executor_config.py:176} WARNING - Install kubernetes dependencies with: pip install apache-airflow['cncf.kubernetes']
[2024-02-11 19:16:22,653] {scheduler_job.py:641} WARNING - No viable dags retrieved from /usr/local/lib/python3.8/site-packages/airflow/example_dags/example_kubernetes_executor_config.py
[2024-02-11 19:16:22,666] {scheduler_job.py:190} INFO - Processing /usr/local/lib/python3.8/site-packages/airflow/example_dags/example_kubernetes_executor_config.py took 0.023 seconds
[2024-02-11 19:16:52,869] {scheduler_job.py:182} INFO - Started process (PID=602) to work on /usr/local/lib/python3.8/site-packages/airflow/example_dags/example_kubernetes_executor_config.py
[2024-02-11 19:16:52,871] {scheduler_job.py:629} INFO - Processing file /usr/local/lib/python3.8/site-packages/airflow/example_dags/example_kubernetes_executor_config.py for tasks to queue
[2024-02-11 19:16:52,872] {logging_mixin.py:104} INFO - [2024-02-11 19:16:52,872] {dagbag.py:451} INFO - Filling up the DagBag from /usr/local/lib/python3.8/site-packages/airflow/example_dags/example_kubernetes_executor_config.py
[2024-02-11 19:16:52,877] {logging_mixin.py:104} INFO - [2024-02-11 19:16:52,877] {example_kubernetes_executor_config.py:175} WARNING - Could not import DAGs in example_kubernetes_executor_config.py: No module named 'kubernetes'
[2024-02-11 19:16:52,878] {logging_mixin.py:104} INFO - [2024-02-11 19:16:52,878] {example_kubernetes_executor_config.py:176} WARNING - Install kubernetes dependencies with: pip install apache-airflow['cncf.kubernetes']
[2024-02-11 19:16:52,879] {scheduler_job.py:641} WARNING - No viable dags retrieved from /usr/local/lib/python3.8/site-packages/airflow/example_dags/example_kubernetes_executor_config.py
[2024-02-11 19:16:52,899] {scheduler_job.py:190} INFO - Processing /usr/local/lib/python3.8/site-packages/airflow/example_dags/example_kubernetes_executor_config.py took 0.033 seconds
[2024-02-11 19:19:41,186] {scheduler_job.py:182} INFO - Started process (PID=169) to work on /usr/local/lib/python3.8/site-packages/airflow/example_dags/example_kubernetes_executor_config.py
[2024-02-11 19:19:41,188] {scheduler_job.py:629} INFO - Processing file /usr/local/lib/python3.8/site-packages/airflow/example_dags/example_kubernetes_executor_config.py for tasks to queue
[2024-02-11 19:19:41,189] {logging_mixin.py:104} INFO - [2024-02-11 19:19:41,189] {dagbag.py:451} INFO - Filling up the DagBag from /usr/local/lib/python3.8/site-packages/airflow/example_dags/example_kubernetes_executor_config.py
[2024-02-11 19:19:41,193] {logging_mixin.py:104} INFO - [2024-02-11 19:19:41,193] {example_kubernetes_executor_config.py:175} WARNING - Could not import DAGs in example_kubernetes_executor_config.py: No module named 'kubernetes'
[2024-02-11 19:19:41,194] {logging_mixin.py:104} INFO - [2024-02-11 19:19:41,194] {example_kubernetes_executor_config.py:176} WARNING - Install kubernetes dependencies with: pip install apache-airflow['cncf.kubernetes']
[2024-02-11 19:19:41,195] {scheduler_job.py:641} WARNING - No viable dags retrieved from /usr/local/lib/python3.8/site-packages/airflow/example_dags/example_kubernetes_executor_config.py
[2024-02-11 19:19:41,207] {scheduler_job.py:190} INFO - Processing /usr/local/lib/python3.8/site-packages/airflow/example_dags/example_kubernetes_executor_config.py took 0.023 seconds
[2024-02-11 19:20:11,317] {scheduler_job.py:182} INFO - Started process (PID=299) to work on /usr/local/lib/python3.8/site-packages/airflow/example_dags/example_kubernetes_executor_config.py
[2024-02-11 19:20:11,318] {scheduler_job.py:629} INFO - Processing file /usr/local/lib/python3.8/site-packages/airflow/example_dags/example_kubernetes_executor_config.py for tasks to queue
[2024-02-11 19:20:11,319] {logging_mixin.py:104} INFO - [2024-02-11 19:20:11,319] {dagbag.py:451} INFO - Filling up the DagBag from /usr/local/lib/python3.8/site-packages/airflow/example_dags/example_kubernetes_executor_config.py
[2024-02-11 19:20:11,324] {logging_mixin.py:104} INFO - [2024-02-11 19:20:11,324] {example_kubernetes_executor_config.py:175} WARNING - Could not import DAGs in example_kubernetes_executor_config.py: No module named 'kubernetes'
[2024-02-11 19:20:11,325] {logging_mixin.py:104} INFO - [2024-02-11 19:20:11,325] {example_kubernetes_executor_config.py:176} WARNING - Install kubernetes dependencies with: pip install apache-airflow['cncf.kubernetes']
[2024-02-11 19:20:11,325] {scheduler_job.py:641} WARNING - No viable dags retrieved from /usr/local/lib/python3.8/site-packages/airflow/example_dags/example_kubernetes_executor_config.py
[2024-02-11 19:20:11,338] {scheduler_job.py:190} INFO - Processing /usr/local/lib/python3.8/site-packages/airflow/example_dags/example_kubernetes_executor_config.py took 0.023 seconds
[2024-02-11 19:20:41,592] {scheduler_job.py:182} INFO - Started process (PID=426) to work on /usr/local/lib/python3.8/site-packages/airflow/example_dags/example_kubernetes_executor_config.py
[2024-02-11 19:20:41,594] {scheduler_job.py:629} INFO - Processing file /usr/local/lib/python3.8/site-packages/airflow/example_dags/example_kubernetes_executor_config.py for tasks to queue
[2024-02-11 19:20:41,594] {logging_mixin.py:104} INFO - [2024-02-11 19:20:41,594] {dagbag.py:451} INFO - Filling up the DagBag from /usr/local/lib/python3.8/site-packages/airflow/example_dags/example_kubernetes_executor_config.py
[2024-02-11 19:20:41,599] {logging_mixin.py:104} INFO - [2024-02-11 19:20:41,599] {example_kubernetes_executor_config.py:175} WARNING - Could not import DAGs in example_kubernetes_executor_config.py: No module named 'kubernetes'
[2024-02-11 19:20:41,599] {logging_mixin.py:104} INFO - [2024-02-11 19:20:41,599] {example_kubernetes_executor_config.py:176} WARNING - Install kubernetes dependencies with: pip install apache-airflow['cncf.kubernetes']
[2024-02-11 19:20:41,600] {scheduler_job.py:641} WARNING - No viable dags retrieved from /usr/local/lib/python3.8/site-packages/airflow/example_dags/example_kubernetes_executor_config.py
[2024-02-11 19:20:41,616] {scheduler_job.py:190} INFO - Processing /usr/local/lib/python3.8/site-packages/airflow/example_dags/example_kubernetes_executor_config.py took 0.027 seconds
[2024-02-11 19:21:11,664] {scheduler_job.py:182} INFO - Started process (PID=552) to work on /usr/local/lib/python3.8/site-packages/airflow/example_dags/example_kubernetes_executor_config.py
[2024-02-11 19:21:11,665] {scheduler_job.py:629} INFO - Processing file /usr/local/lib/python3.8/site-packages/airflow/example_dags/example_kubernetes_executor_config.py for tasks to queue
[2024-02-11 19:21:11,666] {logging_mixin.py:104} INFO - [2024-02-11 19:21:11,666] {dagbag.py:451} INFO - Filling up the DagBag from /usr/local/lib/python3.8/site-packages/airflow/example_dags/example_kubernetes_executor_config.py
[2024-02-11 19:21:11,672] {logging_mixin.py:104} INFO - [2024-02-11 19:21:11,672] {example_kubernetes_executor_config.py:175} WARNING - Could not import DAGs in example_kubernetes_executor_config.py: No module named 'kubernetes'
[2024-02-11 19:21:11,673] {logging_mixin.py:104} INFO - [2024-02-11 19:21:11,673] {example_kubernetes_executor_config.py:176} WARNING - Install kubernetes dependencies with: pip install apache-airflow['cncf.kubernetes']
[2024-02-11 19:21:11,674] {scheduler_job.py:641} WARNING - No viable dags retrieved from /usr/local/lib/python3.8/site-packages/airflow/example_dags/example_kubernetes_executor_config.py
[2024-02-11 19:21:11,689] {scheduler_job.py:190} INFO - Processing /usr/local/lib/python3.8/site-packages/airflow/example_dags/example_kubernetes_executor_config.py took 0.028 seconds
[2024-02-11 19:21:41,941] {scheduler_job.py:182} INFO - Started process (PID=684) to work on /usr/local/lib/python3.8/site-packages/airflow/example_dags/example_kubernetes_executor_config.py
[2024-02-11 19:21:41,942] {scheduler_job.py:629} INFO - Processing file /usr/local/lib/python3.8/site-packages/airflow/example_dags/example_kubernetes_executor_config.py for tasks to queue
[2024-02-11 19:21:41,943] {logging_mixin.py:104} INFO - [2024-02-11 19:21:41,943] {dagbag.py:451} INFO - Filling up the DagBag from /usr/local/lib/python3.8/site-packages/airflow/example_dags/example_kubernetes_executor_config.py
[2024-02-11 19:21:41,951] {logging_mixin.py:104} INFO - [2024-02-11 19:21:41,951] {example_kubernetes_executor_config.py:175} WARNING - Could not import DAGs in example_kubernetes_executor_config.py: No module named 'kubernetes'
[2024-02-11 19:21:41,951] {logging_mixin.py:104} INFO - [2024-02-11 19:21:41,951] {example_kubernetes_executor_config.py:176} WARNING - Install kubernetes dependencies with: pip install apache-airflow['cncf.kubernetes']
[2024-02-11 19:21:41,952] {scheduler_job.py:641} WARNING - No viable dags retrieved from /usr/local/lib/python3.8/site-packages/airflow/example_dags/example_kubernetes_executor_config.py
[2024-02-11 19:21:41,967] {scheduler_job.py:190} INFO - Processing /usr/local/lib/python3.8/site-packages/airflow/example_dags/example_kubernetes_executor_config.py took 0.028 seconds
