[2024-02-11 19:14:51,931] {scheduler_job.py:182} INFO - Started process (PID=202) to work on /usr/local/lib/python3.8/site-packages/airflow/example_dags/example_python_operator.py
[2024-02-11 19:14:51,933] {scheduler_job.py:629} INFO - Processing file /usr/local/lib/python3.8/site-packages/airflow/example_dags/example_python_operator.py for tasks to queue
[2024-02-11 19:14:51,933] {logging_mixin.py:104} INFO - [2024-02-11 19:14:51,933] {dagbag.py:451} INFO - Filling up the DagBag from /usr/local/lib/python3.8/site-packages/airflow/example_dags/example_python_operator.py
[2024-02-11 19:14:51,941] {scheduler_job.py:639} INFO - DAG(s) dict_keys(['example_python_operator']) retrieved from /usr/local/lib/python3.8/site-packages/airflow/example_dags/example_python_operator.py
[2024-02-11 19:14:51,957] {logging_mixin.py:104} INFO - [2024-02-11 19:14:51,957] {dag.py:1824} INFO - Sync 1 DAGs
[2024-02-11 19:14:51,968] {logging_mixin.py:104} INFO - [2024-02-11 19:14:51,968] {dag.py:2280} INFO - Setting next_dagrun for example_python_operator to None
[2024-02-11 19:14:51,976] {scheduler_job.py:190} INFO - Processing /usr/local/lib/python3.8/site-packages/airflow/example_dags/example_python_operator.py took 0.047 seconds
[2024-02-11 19:15:21,319] {scheduler_job.py:182} INFO - Started process (PID=167) to work on /usr/local/lib/python3.8/site-packages/airflow/example_dags/example_python_operator.py
[2024-02-11 19:15:21,321] {scheduler_job.py:629} INFO - Processing file /usr/local/lib/python3.8/site-packages/airflow/example_dags/example_python_operator.py for tasks to queue
[2024-02-11 19:15:21,322] {logging_mixin.py:104} INFO - [2024-02-11 19:15:21,322] {dagbag.py:451} INFO - Filling up the DagBag from /usr/local/lib/python3.8/site-packages/airflow/example_dags/example_python_operator.py
[2024-02-11 19:15:21,336] {scheduler_job.py:639} INFO - DAG(s) dict_keys(['example_python_operator']) retrieved from /usr/local/lib/python3.8/site-packages/airflow/example_dags/example_python_operator.py
[2024-02-11 19:15:21,356] {logging_mixin.py:104} INFO - [2024-02-11 19:15:21,356] {dag.py:1824} INFO - Sync 1 DAGs
[2024-02-11 19:15:21,373] {logging_mixin.py:104} INFO - [2024-02-11 19:15:21,373] {dag.py:2280} INFO - Setting next_dagrun for example_python_operator to None
[2024-02-11 19:15:21,393] {scheduler_job.py:190} INFO - Processing /usr/local/lib/python3.8/site-packages/airflow/example_dags/example_python_operator.py took 0.077 seconds
[2024-02-11 19:15:51,957] {scheduler_job.py:182} INFO - Started process (PID=329) to work on /usr/local/lib/python3.8/site-packages/airflow/example_dags/example_python_operator.py
[2024-02-11 19:15:51,958] {scheduler_job.py:629} INFO - Processing file /usr/local/lib/python3.8/site-packages/airflow/example_dags/example_python_operator.py for tasks to queue
[2024-02-11 19:15:51,959] {logging_mixin.py:104} INFO - [2024-02-11 19:15:51,959] {dagbag.py:451} INFO - Filling up the DagBag from /usr/local/lib/python3.8/site-packages/airflow/example_dags/example_python_operator.py
[2024-02-11 19:15:51,966] {scheduler_job.py:639} INFO - DAG(s) dict_keys(['example_python_operator']) retrieved from /usr/local/lib/python3.8/site-packages/airflow/example_dags/example_python_operator.py
[2024-02-11 19:15:51,985] {logging_mixin.py:104} INFO - [2024-02-11 19:15:51,985] {dag.py:1824} INFO - Sync 1 DAGs
[2024-02-11 19:15:51,996] {logging_mixin.py:104} INFO - [2024-02-11 19:15:51,996] {dag.py:2280} INFO - Setting next_dagrun for example_python_operator to None
[2024-02-11 19:15:52,008] {scheduler_job.py:190} INFO - Processing /usr/local/lib/python3.8/site-packages/airflow/example_dags/example_python_operator.py took 0.053 seconds
[2024-02-11 19:16:22,425] {scheduler_job.py:182} INFO - Started process (PID=462) to work on /usr/local/lib/python3.8/site-packages/airflow/example_dags/example_python_operator.py
[2024-02-11 19:16:22,427] {scheduler_job.py:629} INFO - Processing file /usr/local/lib/python3.8/site-packages/airflow/example_dags/example_python_operator.py for tasks to queue
[2024-02-11 19:16:22,428] {logging_mixin.py:104} INFO - [2024-02-11 19:16:22,428] {dagbag.py:451} INFO - Filling up the DagBag from /usr/local/lib/python3.8/site-packages/airflow/example_dags/example_python_operator.py
[2024-02-11 19:16:22,436] {scheduler_job.py:639} INFO - DAG(s) dict_keys(['example_python_operator']) retrieved from /usr/local/lib/python3.8/site-packages/airflow/example_dags/example_python_operator.py
[2024-02-11 19:16:22,457] {logging_mixin.py:104} INFO - [2024-02-11 19:16:22,456] {dag.py:1824} INFO - Sync 1 DAGs
[2024-02-11 19:16:22,467] {logging_mixin.py:104} INFO - [2024-02-11 19:16:22,467] {dag.py:2280} INFO - Setting next_dagrun for example_python_operator to None
[2024-02-11 19:16:22,474] {scheduler_job.py:190} INFO - Processing /usr/local/lib/python3.8/site-packages/airflow/example_dags/example_python_operator.py took 0.051 seconds
[2024-02-11 19:16:52,769] {scheduler_job.py:182} INFO - Started process (PID=592) to work on /usr/local/lib/python3.8/site-packages/airflow/example_dags/example_python_operator.py
[2024-02-11 19:16:52,771] {scheduler_job.py:629} INFO - Processing file /usr/local/lib/python3.8/site-packages/airflow/example_dags/example_python_operator.py for tasks to queue
[2024-02-11 19:16:52,772] {logging_mixin.py:104} INFO - [2024-02-11 19:16:52,772] {dagbag.py:451} INFO - Filling up the DagBag from /usr/local/lib/python3.8/site-packages/airflow/example_dags/example_python_operator.py
[2024-02-11 19:16:52,785] {scheduler_job.py:639} INFO - DAG(s) dict_keys(['example_python_operator']) retrieved from /usr/local/lib/python3.8/site-packages/airflow/example_dags/example_python_operator.py
[2024-02-11 19:16:52,811] {logging_mixin.py:104} INFO - [2024-02-11 19:16:52,811] {dag.py:1824} INFO - Sync 1 DAGs
[2024-02-11 19:16:52,828] {logging_mixin.py:104} INFO - [2024-02-11 19:16:52,828] {dag.py:2280} INFO - Setting next_dagrun for example_python_operator to None
[2024-02-11 19:16:52,840] {scheduler_job.py:190} INFO - Processing /usr/local/lib/python3.8/site-packages/airflow/example_dags/example_python_operator.py took 0.073 seconds
[2024-02-11 19:19:41,238] {scheduler_job.py:182} INFO - Started process (PID=174) to work on /usr/local/lib/python3.8/site-packages/airflow/example_dags/example_python_operator.py
[2024-02-11 19:19:41,239] {scheduler_job.py:629} INFO - Processing file /usr/local/lib/python3.8/site-packages/airflow/example_dags/example_python_operator.py for tasks to queue
[2024-02-11 19:19:41,240] {logging_mixin.py:104} INFO - [2024-02-11 19:19:41,240] {dagbag.py:451} INFO - Filling up the DagBag from /usr/local/lib/python3.8/site-packages/airflow/example_dags/example_python_operator.py
[2024-02-11 19:19:41,247] {scheduler_job.py:639} INFO - DAG(s) dict_keys(['example_python_operator']) retrieved from /usr/local/lib/python3.8/site-packages/airflow/example_dags/example_python_operator.py
[2024-02-11 19:19:41,271] {logging_mixin.py:104} INFO - [2024-02-11 19:19:41,271] {dag.py:1824} INFO - Sync 1 DAGs
[2024-02-11 19:19:41,278] {logging_mixin.py:104} INFO - [2024-02-11 19:19:41,278] {dag.py:1843} INFO - Creating ORM DAG for example_python_operator
[2024-02-11 19:19:41,283] {logging_mixin.py:104} INFO - [2024-02-11 19:19:41,283] {dag.py:2280} INFO - Setting next_dagrun for example_python_operator to None
[2024-02-11 19:19:41,297] {scheduler_job.py:190} INFO - Processing /usr/local/lib/python3.8/site-packages/airflow/example_dags/example_python_operator.py took 0.062 seconds
[2024-02-11 19:20:11,364] {scheduler_job.py:182} INFO - Started process (PID=306) to work on /usr/local/lib/python3.8/site-packages/airflow/example_dags/example_python_operator.py
[2024-02-11 19:20:11,365] {scheduler_job.py:629} INFO - Processing file /usr/local/lib/python3.8/site-packages/airflow/example_dags/example_python_operator.py for tasks to queue
[2024-02-11 19:20:11,366] {logging_mixin.py:104} INFO - [2024-02-11 19:20:11,366] {dagbag.py:451} INFO - Filling up the DagBag from /usr/local/lib/python3.8/site-packages/airflow/example_dags/example_python_operator.py
[2024-02-11 19:20:11,374] {scheduler_job.py:639} INFO - DAG(s) dict_keys(['example_python_operator']) retrieved from /usr/local/lib/python3.8/site-packages/airflow/example_dags/example_python_operator.py
[2024-02-11 19:20:11,392] {logging_mixin.py:104} INFO - [2024-02-11 19:20:11,392] {dag.py:1824} INFO - Sync 1 DAGs
[2024-02-11 19:20:11,403] {logging_mixin.py:104} INFO - [2024-02-11 19:20:11,403] {dag.py:2280} INFO - Setting next_dagrun for example_python_operator to None
[2024-02-11 19:20:11,412] {scheduler_job.py:190} INFO - Processing /usr/local/lib/python3.8/site-packages/airflow/example_dags/example_python_operator.py took 0.051 seconds
[2024-02-11 19:20:41,669] {scheduler_job.py:182} INFO - Started process (PID=437) to work on /usr/local/lib/python3.8/site-packages/airflow/example_dags/example_python_operator.py
[2024-02-11 19:20:41,671] {scheduler_job.py:629} INFO - Processing file /usr/local/lib/python3.8/site-packages/airflow/example_dags/example_python_operator.py for tasks to queue
[2024-02-11 19:20:41,672] {logging_mixin.py:104} INFO - [2024-02-11 19:20:41,672] {dagbag.py:451} INFO - Filling up the DagBag from /usr/local/lib/python3.8/site-packages/airflow/example_dags/example_python_operator.py
[2024-02-11 19:20:41,679] {scheduler_job.py:639} INFO - DAG(s) dict_keys(['example_python_operator']) retrieved from /usr/local/lib/python3.8/site-packages/airflow/example_dags/example_python_operator.py
[2024-02-11 19:20:41,700] {logging_mixin.py:104} INFO - [2024-02-11 19:20:41,700] {dag.py:1824} INFO - Sync 1 DAGs
[2024-02-11 19:20:41,713] {logging_mixin.py:104} INFO - [2024-02-11 19:20:41,713] {dag.py:2280} INFO - Setting next_dagrun for example_python_operator to None
[2024-02-11 19:20:41,721] {scheduler_job.py:190} INFO - Processing /usr/local/lib/python3.8/site-packages/airflow/example_dags/example_python_operator.py took 0.054 seconds
[2024-02-11 19:21:11,801] {scheduler_job.py:182} INFO - Started process (PID=567) to work on /usr/local/lib/python3.8/site-packages/airflow/example_dags/example_python_operator.py
[2024-02-11 19:21:11,802] {scheduler_job.py:629} INFO - Processing file /usr/local/lib/python3.8/site-packages/airflow/example_dags/example_python_operator.py for tasks to queue
[2024-02-11 19:21:11,803] {logging_mixin.py:104} INFO - [2024-02-11 19:21:11,803] {dagbag.py:451} INFO - Filling up the DagBag from /usr/local/lib/python3.8/site-packages/airflow/example_dags/example_python_operator.py
[2024-02-11 19:21:11,811] {scheduler_job.py:639} INFO - DAG(s) dict_keys(['example_python_operator']) retrieved from /usr/local/lib/python3.8/site-packages/airflow/example_dags/example_python_operator.py
[2024-02-11 19:21:11,833] {logging_mixin.py:104} INFO - [2024-02-11 19:21:11,833] {dag.py:1824} INFO - Sync 1 DAGs
[2024-02-11 19:21:11,845] {logging_mixin.py:104} INFO - [2024-02-11 19:21:11,845] {dag.py:2280} INFO - Setting next_dagrun for example_python_operator to None
[2024-02-11 19:21:11,857] {scheduler_job.py:190} INFO - Processing /usr/local/lib/python3.8/site-packages/airflow/example_dags/example_python_operator.py took 0.058 seconds
[2024-02-11 19:21:42,100] {scheduler_job.py:182} INFO - Started process (PID=699) to work on /usr/local/lib/python3.8/site-packages/airflow/example_dags/example_python_operator.py
[2024-02-11 19:21:42,102] {scheduler_job.py:629} INFO - Processing file /usr/local/lib/python3.8/site-packages/airflow/example_dags/example_python_operator.py for tasks to queue
[2024-02-11 19:21:42,103] {logging_mixin.py:104} INFO - [2024-02-11 19:21:42,103] {dagbag.py:451} INFO - Filling up the DagBag from /usr/local/lib/python3.8/site-packages/airflow/example_dags/example_python_operator.py
[2024-02-11 19:21:42,110] {scheduler_job.py:639} INFO - DAG(s) dict_keys(['example_python_operator']) retrieved from /usr/local/lib/python3.8/site-packages/airflow/example_dags/example_python_operator.py
[2024-02-11 19:21:42,128] {logging_mixin.py:104} INFO - [2024-02-11 19:21:42,128] {dag.py:1824} INFO - Sync 1 DAGs
[2024-02-11 19:21:42,139] {logging_mixin.py:104} INFO - [2024-02-11 19:21:42,139] {dag.py:2280} INFO - Setting next_dagrun for example_python_operator to None
[2024-02-11 19:21:42,150] {scheduler_job.py:190} INFO - Processing /usr/local/lib/python3.8/site-packages/airflow/example_dags/example_python_operator.py took 0.052 seconds
