[2024-02-11 19:14:52,002] {scheduler_job.py:182} INFO - Started process (PID=212) to work on /usr/local/lib/python3.8/site-packages/airflow/example_dags/example_complex.py
[2024-02-11 19:14:52,003] {scheduler_job.py:629} INFO - Processing file /usr/local/lib/python3.8/site-packages/airflow/example_dags/example_complex.py for tasks to queue
[2024-02-11 19:14:52,004] {logging_mixin.py:104} INFO - [2024-02-11 19:14:52,004] {dagbag.py:451} INFO - Filling up the DagBag from /usr/local/lib/python3.8/site-packages/airflow/example_dags/example_complex.py
[2024-02-11 19:14:52,016] {scheduler_job.py:639} INFO - DAG(s) dict_keys(['example_complex']) retrieved from /usr/local/lib/python3.8/site-packages/airflow/example_dags/example_complex.py
[2024-02-11 19:14:52,030] {logging_mixin.py:104} INFO - [2024-02-11 19:14:52,029] {dag.py:1824} INFO - Sync 1 DAGs
[2024-02-11 19:14:52,040] {logging_mixin.py:104} INFO - [2024-02-11 19:14:52,040] {dag.py:2280} INFO - Setting next_dagrun for example_complex to None
[2024-02-11 19:14:52,050] {scheduler_job.py:190} INFO - Processing /usr/local/lib/python3.8/site-packages/airflow/example_dags/example_complex.py took 0.051 seconds
[2024-02-11 19:15:21,423] {scheduler_job.py:182} INFO - Started process (PID=179) to work on /usr/local/lib/python3.8/site-packages/airflow/example_dags/example_complex.py
[2024-02-11 19:15:21,425] {scheduler_job.py:629} INFO - Processing file /usr/local/lib/python3.8/site-packages/airflow/example_dags/example_complex.py for tasks to queue
[2024-02-11 19:15:21,426] {logging_mixin.py:104} INFO - [2024-02-11 19:15:21,426] {dagbag.py:451} INFO - Filling up the DagBag from /usr/local/lib/python3.8/site-packages/airflow/example_dags/example_complex.py
[2024-02-11 19:15:21,436] {scheduler_job.py:639} INFO - DAG(s) dict_keys(['example_complex']) retrieved from /usr/local/lib/python3.8/site-packages/airflow/example_dags/example_complex.py
[2024-02-11 19:15:21,460] {logging_mixin.py:104} INFO - [2024-02-11 19:15:21,460] {dag.py:1824} INFO - Sync 1 DAGs
[2024-02-11 19:15:21,472] {logging_mixin.py:104} INFO - [2024-02-11 19:15:21,472] {dag.py:2280} INFO - Setting next_dagrun for example_complex to None
[2024-02-11 19:15:21,483] {scheduler_job.py:190} INFO - Processing /usr/local/lib/python3.8/site-packages/airflow/example_dags/example_complex.py took 0.062 seconds
[2024-02-11 19:15:51,704] {scheduler_job.py:182} INFO - Started process (PID=301) to work on /usr/local/lib/python3.8/site-packages/airflow/example_dags/example_complex.py
[2024-02-11 19:15:51,705] {scheduler_job.py:629} INFO - Processing file /usr/local/lib/python3.8/site-packages/airflow/example_dags/example_complex.py for tasks to queue
[2024-02-11 19:15:51,706] {logging_mixin.py:104} INFO - [2024-02-11 19:15:51,706] {dagbag.py:451} INFO - Filling up the DagBag from /usr/local/lib/python3.8/site-packages/airflow/example_dags/example_complex.py
[2024-02-11 19:15:51,716] {scheduler_job.py:639} INFO - DAG(s) dict_keys(['example_complex']) retrieved from /usr/local/lib/python3.8/site-packages/airflow/example_dags/example_complex.py
[2024-02-11 19:15:51,739] {logging_mixin.py:104} INFO - [2024-02-11 19:15:51,739] {dag.py:1824} INFO - Sync 1 DAGs
[2024-02-11 19:15:51,750] {logging_mixin.py:104} INFO - [2024-02-11 19:15:51,750] {dag.py:2280} INFO - Setting next_dagrun for example_complex to None
[2024-02-11 19:15:51,760] {scheduler_job.py:190} INFO - Processing /usr/local/lib/python3.8/site-packages/airflow/example_dags/example_complex.py took 0.058 seconds
[2024-02-11 19:16:22,082] {scheduler_job.py:182} INFO - Started process (PID=431) to work on /usr/local/lib/python3.8/site-packages/airflow/example_dags/example_complex.py
[2024-02-11 19:16:22,084] {scheduler_job.py:629} INFO - Processing file /usr/local/lib/python3.8/site-packages/airflow/example_dags/example_complex.py for tasks to queue
[2024-02-11 19:16:22,085] {logging_mixin.py:104} INFO - [2024-02-11 19:16:22,085] {dagbag.py:451} INFO - Filling up the DagBag from /usr/local/lib/python3.8/site-packages/airflow/example_dags/example_complex.py
[2024-02-11 19:16:22,097] {scheduler_job.py:639} INFO - DAG(s) dict_keys(['example_complex']) retrieved from /usr/local/lib/python3.8/site-packages/airflow/example_dags/example_complex.py
[2024-02-11 19:16:22,120] {logging_mixin.py:104} INFO - [2024-02-11 19:16:22,120] {dag.py:1824} INFO - Sync 1 DAGs
[2024-02-11 19:16:22,130] {logging_mixin.py:104} INFO - [2024-02-11 19:16:22,130] {dag.py:2280} INFO - Setting next_dagrun for example_complex to None
[2024-02-11 19:16:22,144] {scheduler_job.py:190} INFO - Processing /usr/local/lib/python3.8/site-packages/airflow/example_dags/example_complex.py took 0.065 seconds
[2024-02-11 19:16:52,231] {scheduler_job.py:182} INFO - Started process (PID=541) to work on /usr/local/lib/python3.8/site-packages/airflow/example_dags/example_complex.py
[2024-02-11 19:16:52,233] {scheduler_job.py:629} INFO - Processing file /usr/local/lib/python3.8/site-packages/airflow/example_dags/example_complex.py for tasks to queue
[2024-02-11 19:16:52,235] {logging_mixin.py:104} INFO - [2024-02-11 19:16:52,235] {dagbag.py:451} INFO - Filling up the DagBag from /usr/local/lib/python3.8/site-packages/airflow/example_dags/example_complex.py
[2024-02-11 19:16:52,251] {scheduler_job.py:639} INFO - DAG(s) dict_keys(['example_complex']) retrieved from /usr/local/lib/python3.8/site-packages/airflow/example_dags/example_complex.py
[2024-02-11 19:16:52,278] {logging_mixin.py:104} INFO - [2024-02-11 19:16:52,278] {dag.py:1824} INFO - Sync 1 DAGs
[2024-02-11 19:16:52,291] {logging_mixin.py:104} INFO - [2024-02-11 19:16:52,291] {dag.py:2280} INFO - Setting next_dagrun for example_complex to None
[2024-02-11 19:16:52,301] {scheduler_job.py:190} INFO - Processing /usr/local/lib/python3.8/site-packages/airflow/example_dags/example_complex.py took 0.073 seconds
[2024-02-11 19:19:41,402] {scheduler_job.py:182} INFO - Started process (PID=197) to work on /usr/local/lib/python3.8/site-packages/airflow/example_dags/example_complex.py
[2024-02-11 19:19:41,403] {scheduler_job.py:629} INFO - Processing file /usr/local/lib/python3.8/site-packages/airflow/example_dags/example_complex.py for tasks to queue
[2024-02-11 19:19:41,404] {logging_mixin.py:104} INFO - [2024-02-11 19:19:41,404] {dagbag.py:451} INFO - Filling up the DagBag from /usr/local/lib/python3.8/site-packages/airflow/example_dags/example_complex.py
[2024-02-11 19:19:41,413] {scheduler_job.py:639} INFO - DAG(s) dict_keys(['example_complex']) retrieved from /usr/local/lib/python3.8/site-packages/airflow/example_dags/example_complex.py
[2024-02-11 19:19:41,439] {logging_mixin.py:104} INFO - [2024-02-11 19:19:41,439] {dag.py:1824} INFO - Sync 1 DAGs
[2024-02-11 19:19:41,446] {logging_mixin.py:104} INFO - [2024-02-11 19:19:41,446] {dag.py:1843} INFO - Creating ORM DAG for example_complex
[2024-02-11 19:19:41,451] {logging_mixin.py:104} INFO - [2024-02-11 19:19:41,451] {dag.py:2280} INFO - Setting next_dagrun for example_complex to None
[2024-02-11 19:19:41,466] {scheduler_job.py:190} INFO - Processing /usr/local/lib/python3.8/site-packages/airflow/example_dags/example_complex.py took 0.067 seconds
[2024-02-11 19:20:11,633] {scheduler_job.py:182} INFO - Started process (PID=329) to work on /usr/local/lib/python3.8/site-packages/airflow/example_dags/example_complex.py
[2024-02-11 19:20:11,634] {scheduler_job.py:629} INFO - Processing file /usr/local/lib/python3.8/site-packages/airflow/example_dags/example_complex.py for tasks to queue
[2024-02-11 19:20:11,635] {logging_mixin.py:104} INFO - [2024-02-11 19:20:11,635] {dagbag.py:451} INFO - Filling up the DagBag from /usr/local/lib/python3.8/site-packages/airflow/example_dags/example_complex.py
[2024-02-11 19:20:11,645] {scheduler_job.py:639} INFO - DAG(s) dict_keys(['example_complex']) retrieved from /usr/local/lib/python3.8/site-packages/airflow/example_dags/example_complex.py
[2024-02-11 19:20:11,665] {logging_mixin.py:104} INFO - [2024-02-11 19:20:11,665] {dag.py:1824} INFO - Sync 1 DAGs
[2024-02-11 19:20:11,676] {logging_mixin.py:104} INFO - [2024-02-11 19:20:11,676] {dag.py:2280} INFO - Setting next_dagrun for example_complex to None
[2024-02-11 19:20:11,686] {scheduler_job.py:190} INFO - Processing /usr/local/lib/python3.8/site-packages/airflow/example_dags/example_complex.py took 0.055 seconds
[2024-02-11 19:20:41,893] {scheduler_job.py:182} INFO - Started process (PID=467) to work on /usr/local/lib/python3.8/site-packages/airflow/example_dags/example_complex.py
[2024-02-11 19:20:41,894] {scheduler_job.py:629} INFO - Processing file /usr/local/lib/python3.8/site-packages/airflow/example_dags/example_complex.py for tasks to queue
[2024-02-11 19:20:41,895] {logging_mixin.py:104} INFO - [2024-02-11 19:20:41,895] {dagbag.py:451} INFO - Filling up the DagBag from /usr/local/lib/python3.8/site-packages/airflow/example_dags/example_complex.py
[2024-02-11 19:20:41,906] {scheduler_job.py:639} INFO - DAG(s) dict_keys(['example_complex']) retrieved from /usr/local/lib/python3.8/site-packages/airflow/example_dags/example_complex.py
[2024-02-11 19:20:41,929] {logging_mixin.py:104} INFO - [2024-02-11 19:20:41,929] {dag.py:1824} INFO - Sync 1 DAGs
[2024-02-11 19:20:41,941] {logging_mixin.py:104} INFO - [2024-02-11 19:20:41,941] {dag.py:2280} INFO - Setting next_dagrun for example_complex to None
[2024-02-11 19:20:41,951] {scheduler_job.py:190} INFO - Processing /usr/local/lib/python3.8/site-packages/airflow/example_dags/example_complex.py took 0.061 seconds
[2024-02-11 19:21:12,066] {scheduler_job.py:182} INFO - Started process (PID=597) to work on /usr/local/lib/python3.8/site-packages/airflow/example_dags/example_complex.py
[2024-02-11 19:21:12,067] {scheduler_job.py:629} INFO - Processing file /usr/local/lib/python3.8/site-packages/airflow/example_dags/example_complex.py for tasks to queue
[2024-02-11 19:21:12,068] {logging_mixin.py:104} INFO - [2024-02-11 19:21:12,068] {dagbag.py:451} INFO - Filling up the DagBag from /usr/local/lib/python3.8/site-packages/airflow/example_dags/example_complex.py
[2024-02-11 19:21:12,080] {scheduler_job.py:639} INFO - DAG(s) dict_keys(['example_complex']) retrieved from /usr/local/lib/python3.8/site-packages/airflow/example_dags/example_complex.py
[2024-02-11 19:21:12,104] {logging_mixin.py:104} INFO - [2024-02-11 19:21:12,104] {dag.py:1824} INFO - Sync 1 DAGs
[2024-02-11 19:21:12,117] {logging_mixin.py:104} INFO - [2024-02-11 19:21:12,117] {dag.py:2280} INFO - Setting next_dagrun for example_complex to None
[2024-02-11 19:21:12,130] {scheduler_job.py:190} INFO - Processing /usr/local/lib/python3.8/site-packages/airflow/example_dags/example_complex.py took 0.067 seconds
[2024-02-11 19:21:42,415] {scheduler_job.py:182} INFO - Started process (PID=737) to work on /usr/local/lib/python3.8/site-packages/airflow/example_dags/example_complex.py
[2024-02-11 19:21:42,417] {scheduler_job.py:629} INFO - Processing file /usr/local/lib/python3.8/site-packages/airflow/example_dags/example_complex.py for tasks to queue
[2024-02-11 19:21:42,418] {logging_mixin.py:104} INFO - [2024-02-11 19:21:42,418] {dagbag.py:451} INFO - Filling up the DagBag from /usr/local/lib/python3.8/site-packages/airflow/example_dags/example_complex.py
[2024-02-11 19:21:42,427] {scheduler_job.py:639} INFO - DAG(s) dict_keys(['example_complex']) retrieved from /usr/local/lib/python3.8/site-packages/airflow/example_dags/example_complex.py
[2024-02-11 19:21:42,449] {logging_mixin.py:104} INFO - [2024-02-11 19:21:42,449] {dag.py:1824} INFO - Sync 1 DAGs
[2024-02-11 19:21:42,461] {logging_mixin.py:104} INFO - [2024-02-11 19:21:42,461] {dag.py:2280} INFO - Setting next_dagrun for example_complex to None
[2024-02-11 19:21:42,471] {scheduler_job.py:190} INFO - Processing /usr/local/lib/python3.8/site-packages/airflow/example_dags/example_complex.py took 0.058 seconds
