[2024-02-11 19:14:52,325] {scheduler_job.py:182} INFO - Started process (PID=252) to work on /usr/local/lib/python3.8/site-packages/airflow/example_dags/example_dag_decorator.py
[2024-02-11 19:14:52,327] {scheduler_job.py:629} INFO - Processing file /usr/local/lib/python3.8/site-packages/airflow/example_dags/example_dag_decorator.py for tasks to queue
[2024-02-11 19:14:52,328] {logging_mixin.py:104} INFO - [2024-02-11 19:14:52,328] {dagbag.py:451} INFO - Filling up the DagBag from /usr/local/lib/python3.8/site-packages/airflow/example_dags/example_dag_decorator.py
[2024-02-11 19:14:52,337] {scheduler_job.py:639} INFO - DAG(s) dict_keys(['example_dag_decorator']) retrieved from /usr/local/lib/python3.8/site-packages/airflow/example_dags/example_dag_decorator.py
[2024-02-11 19:14:52,350] {logging_mixin.py:104} INFO - [2024-02-11 19:14:52,350] {dag.py:1824} INFO - Sync 1 DAGs
[2024-02-11 19:14:52,360] {logging_mixin.py:104} INFO - [2024-02-11 19:14:52,360] {dag.py:2280} INFO - Setting next_dagrun for example_dag_decorator to None
[2024-02-11 19:14:52,370] {scheduler_job.py:190} INFO - Processing /usr/local/lib/python3.8/site-packages/airflow/example_dags/example_dag_decorator.py took 0.047 seconds
[2024-02-11 19:15:21,250] {scheduler_job.py:182} INFO - Started process (PID=162) to work on /usr/local/lib/python3.8/site-packages/airflow/example_dags/example_dag_decorator.py
[2024-02-11 19:15:21,252] {scheduler_job.py:629} INFO - Processing file /usr/local/lib/python3.8/site-packages/airflow/example_dags/example_dag_decorator.py for tasks to queue
[2024-02-11 19:15:21,253] {logging_mixin.py:104} INFO - [2024-02-11 19:15:21,253] {dagbag.py:451} INFO - Filling up the DagBag from /usr/local/lib/python3.8/site-packages/airflow/example_dags/example_dag_decorator.py
[2024-02-11 19:15:21,262] {scheduler_job.py:639} INFO - DAG(s) dict_keys(['example_dag_decorator']) retrieved from /usr/local/lib/python3.8/site-packages/airflow/example_dags/example_dag_decorator.py
[2024-02-11 19:15:21,288] {logging_mixin.py:104} INFO - [2024-02-11 19:15:21,288] {dag.py:1824} INFO - Sync 1 DAGs
[2024-02-11 19:15:21,299] {logging_mixin.py:104} INFO - [2024-02-11 19:15:21,299] {dag.py:2280} INFO - Setting next_dagrun for example_dag_decorator to None
[2024-02-11 19:15:21,311] {scheduler_job.py:190} INFO - Processing /usr/local/lib/python3.8/site-packages/airflow/example_dags/example_dag_decorator.py took 0.065 seconds
[2024-02-11 19:15:51,381] {scheduler_job.py:182} INFO - Started process (PID=281) to work on /usr/local/lib/python3.8/site-packages/airflow/example_dags/example_dag_decorator.py
[2024-02-11 19:15:51,382] {scheduler_job.py:629} INFO - Processing file /usr/local/lib/python3.8/site-packages/airflow/example_dags/example_dag_decorator.py for tasks to queue
[2024-02-11 19:15:51,384] {logging_mixin.py:104} INFO - [2024-02-11 19:15:51,384] {dagbag.py:451} INFO - Filling up the DagBag from /usr/local/lib/python3.8/site-packages/airflow/example_dags/example_dag_decorator.py
[2024-02-11 19:15:51,392] {scheduler_job.py:639} INFO - DAG(s) dict_keys(['example_dag_decorator']) retrieved from /usr/local/lib/python3.8/site-packages/airflow/example_dags/example_dag_decorator.py
[2024-02-11 19:15:51,417] {logging_mixin.py:104} INFO - [2024-02-11 19:15:51,417] {dag.py:1824} INFO - Sync 1 DAGs
[2024-02-11 19:15:51,429] {logging_mixin.py:104} INFO - [2024-02-11 19:15:51,429] {dag.py:2280} INFO - Setting next_dagrun for example_dag_decorator to None
[2024-02-11 19:15:51,465] {scheduler_job.py:190} INFO - Processing /usr/local/lib/python3.8/site-packages/airflow/example_dags/example_dag_decorator.py took 0.087 seconds
[2024-02-11 19:16:21,985] {scheduler_job.py:182} INFO - Started process (PID=418) to work on /usr/local/lib/python3.8/site-packages/airflow/example_dags/example_dag_decorator.py
[2024-02-11 19:16:21,987] {scheduler_job.py:629} INFO - Processing file /usr/local/lib/python3.8/site-packages/airflow/example_dags/example_dag_decorator.py for tasks to queue
[2024-02-11 19:16:21,987] {logging_mixin.py:104} INFO - [2024-02-11 19:16:21,987] {dagbag.py:451} INFO - Filling up the DagBag from /usr/local/lib/python3.8/site-packages/airflow/example_dags/example_dag_decorator.py
[2024-02-11 19:16:21,998] {scheduler_job.py:639} INFO - DAG(s) dict_keys(['example_dag_decorator']) retrieved from /usr/local/lib/python3.8/site-packages/airflow/example_dags/example_dag_decorator.py
[2024-02-11 19:16:22,023] {logging_mixin.py:104} INFO - [2024-02-11 19:16:22,023] {dag.py:1824} INFO - Sync 1 DAGs
[2024-02-11 19:16:22,037] {logging_mixin.py:104} INFO - [2024-02-11 19:16:22,036] {dag.py:2280} INFO - Setting next_dagrun for example_dag_decorator to None
[2024-02-11 19:16:22,051] {scheduler_job.py:190} INFO - Processing /usr/local/lib/python3.8/site-packages/airflow/example_dags/example_dag_decorator.py took 0.068 seconds
[2024-02-11 19:16:52,434] {scheduler_job.py:182} INFO - Started process (PID=556) to work on /usr/local/lib/python3.8/site-packages/airflow/example_dags/example_dag_decorator.py
[2024-02-11 19:16:52,435] {scheduler_job.py:629} INFO - Processing file /usr/local/lib/python3.8/site-packages/airflow/example_dags/example_dag_decorator.py for tasks to queue
[2024-02-11 19:16:52,436] {logging_mixin.py:104} INFO - [2024-02-11 19:16:52,436] {dagbag.py:451} INFO - Filling up the DagBag from /usr/local/lib/python3.8/site-packages/airflow/example_dags/example_dag_decorator.py
[2024-02-11 19:16:52,450] {scheduler_job.py:639} INFO - DAG(s) dict_keys(['example_dag_decorator']) retrieved from /usr/local/lib/python3.8/site-packages/airflow/example_dags/example_dag_decorator.py
[2024-02-11 19:16:52,476] {logging_mixin.py:104} INFO - [2024-02-11 19:16:52,476] {dag.py:1824} INFO - Sync 1 DAGs
[2024-02-11 19:16:52,489] {logging_mixin.py:104} INFO - [2024-02-11 19:16:52,489] {dag.py:2280} INFO - Setting next_dagrun for example_dag_decorator to None
[2024-02-11 19:16:52,505] {scheduler_job.py:190} INFO - Processing /usr/local/lib/python3.8/site-packages/airflow/example_dags/example_dag_decorator.py took 0.074 seconds
[2024-02-11 19:19:41,954] {scheduler_job.py:182} INFO - Started process (PID=267) to work on /usr/local/lib/python3.8/site-packages/airflow/example_dags/example_dag_decorator.py
[2024-02-11 19:19:41,955] {scheduler_job.py:629} INFO - Processing file /usr/local/lib/python3.8/site-packages/airflow/example_dags/example_dag_decorator.py for tasks to queue
[2024-02-11 19:19:41,955] {logging_mixin.py:104} INFO - [2024-02-11 19:19:41,955] {dagbag.py:451} INFO - Filling up the DagBag from /usr/local/lib/python3.8/site-packages/airflow/example_dags/example_dag_decorator.py
[2024-02-11 19:19:41,964] {scheduler_job.py:639} INFO - DAG(s) dict_keys(['example_dag_decorator']) retrieved from /usr/local/lib/python3.8/site-packages/airflow/example_dags/example_dag_decorator.py
[2024-02-11 19:19:41,990] {logging_mixin.py:104} INFO - [2024-02-11 19:19:41,990] {dag.py:1824} INFO - Sync 1 DAGs
[2024-02-11 19:19:42,000] {logging_mixin.py:104} INFO - [2024-02-11 19:19:42,000] {dag.py:1843} INFO - Creating ORM DAG for example_dag_decorator
[2024-02-11 19:19:42,007] {logging_mixin.py:104} INFO - [2024-02-11 19:19:42,007] {dag.py:2280} INFO - Setting next_dagrun for example_dag_decorator to None
[2024-02-11 19:19:42,025] {scheduler_job.py:190} INFO - Processing /usr/local/lib/python3.8/site-packages/airflow/example_dags/example_dag_decorator.py took 0.074 seconds
[2024-02-11 19:20:12,173] {scheduler_job.py:182} INFO - Started process (PID=387) to work on /usr/local/lib/python3.8/site-packages/airflow/example_dags/example_dag_decorator.py
[2024-02-11 19:20:12,175] {scheduler_job.py:629} INFO - Processing file /usr/local/lib/python3.8/site-packages/airflow/example_dags/example_dag_decorator.py for tasks to queue
[2024-02-11 19:20:12,176] {logging_mixin.py:104} INFO - [2024-02-11 19:20:12,176] {dagbag.py:451} INFO - Filling up the DagBag from /usr/local/lib/python3.8/site-packages/airflow/example_dags/example_dag_decorator.py
[2024-02-11 19:20:12,186] {scheduler_job.py:639} INFO - DAG(s) dict_keys(['example_dag_decorator']) retrieved from /usr/local/lib/python3.8/site-packages/airflow/example_dags/example_dag_decorator.py
[2024-02-11 19:20:12,209] {logging_mixin.py:104} INFO - [2024-02-11 19:20:12,209] {dag.py:1824} INFO - Sync 1 DAGs
[2024-02-11 19:20:12,219] {logging_mixin.py:104} INFO - [2024-02-11 19:20:12,219] {dag.py:2280} INFO - Setting next_dagrun for example_dag_decorator to None
[2024-02-11 19:20:12,230] {scheduler_job.py:190} INFO - Processing /usr/local/lib/python3.8/site-packages/airflow/example_dags/example_dag_decorator.py took 0.059 seconds
[2024-02-11 19:20:42,304] {scheduler_job.py:182} INFO - Started process (PID=517) to work on /usr/local/lib/python3.8/site-packages/airflow/example_dags/example_dag_decorator.py
[2024-02-11 19:20:42,305] {scheduler_job.py:629} INFO - Processing file /usr/local/lib/python3.8/site-packages/airflow/example_dags/example_dag_decorator.py for tasks to queue
[2024-02-11 19:20:42,306] {logging_mixin.py:104} INFO - [2024-02-11 19:20:42,306] {dagbag.py:451} INFO - Filling up the DagBag from /usr/local/lib/python3.8/site-packages/airflow/example_dags/example_dag_decorator.py
[2024-02-11 19:20:42,318] {scheduler_job.py:639} INFO - DAG(s) dict_keys(['example_dag_decorator']) retrieved from /usr/local/lib/python3.8/site-packages/airflow/example_dags/example_dag_decorator.py
[2024-02-11 19:20:42,341] {logging_mixin.py:104} INFO - [2024-02-11 19:20:42,341] {dag.py:1824} INFO - Sync 1 DAGs
[2024-02-11 19:20:42,353] {logging_mixin.py:104} INFO - [2024-02-11 19:20:42,353] {dag.py:2280} INFO - Setting next_dagrun for example_dag_decorator to None
[2024-02-11 19:20:42,363] {scheduler_job.py:190} INFO - Processing /usr/local/lib/python3.8/site-packages/airflow/example_dags/example_dag_decorator.py took 0.061 seconds
[2024-02-11 19:21:12,548] {scheduler_job.py:182} INFO - Started process (PID=652) to work on /usr/local/lib/python3.8/site-packages/airflow/example_dags/example_dag_decorator.py
[2024-02-11 19:21:12,549] {scheduler_job.py:629} INFO - Processing file /usr/local/lib/python3.8/site-packages/airflow/example_dags/example_dag_decorator.py for tasks to queue
[2024-02-11 19:21:12,550] {logging_mixin.py:104} INFO - [2024-02-11 19:21:12,550] {dagbag.py:451} INFO - Filling up the DagBag from /usr/local/lib/python3.8/site-packages/airflow/example_dags/example_dag_decorator.py
[2024-02-11 19:21:12,559] {scheduler_job.py:639} INFO - DAG(s) dict_keys(['example_dag_decorator']) retrieved from /usr/local/lib/python3.8/site-packages/airflow/example_dags/example_dag_decorator.py
[2024-02-11 19:21:12,583] {logging_mixin.py:104} INFO - [2024-02-11 19:21:12,583] {dag.py:1824} INFO - Sync 1 DAGs
[2024-02-11 19:21:12,594] {logging_mixin.py:104} INFO - [2024-02-11 19:21:12,593] {dag.py:2280} INFO - Setting next_dagrun for example_dag_decorator to None
[2024-02-11 19:21:12,603] {scheduler_job.py:190} INFO - Processing /usr/local/lib/python3.8/site-packages/airflow/example_dags/example_dag_decorator.py took 0.058 seconds
[2024-02-11 19:21:42,737] {scheduler_job.py:182} INFO - Started process (PID=777) to work on /usr/local/lib/python3.8/site-packages/airflow/example_dags/example_dag_decorator.py
[2024-02-11 19:21:42,738] {scheduler_job.py:629} INFO - Processing file /usr/local/lib/python3.8/site-packages/airflow/example_dags/example_dag_decorator.py for tasks to queue
[2024-02-11 19:21:42,739] {logging_mixin.py:104} INFO - [2024-02-11 19:21:42,739] {dagbag.py:451} INFO - Filling up the DagBag from /usr/local/lib/python3.8/site-packages/airflow/example_dags/example_dag_decorator.py
[2024-02-11 19:21:42,752] {scheduler_job.py:639} INFO - DAG(s) dict_keys(['example_dag_decorator']) retrieved from /usr/local/lib/python3.8/site-packages/airflow/example_dags/example_dag_decorator.py
[2024-02-11 19:21:42,775] {logging_mixin.py:104} INFO - [2024-02-11 19:21:42,775] {dag.py:1824} INFO - Sync 1 DAGs
[2024-02-11 19:21:42,786] {logging_mixin.py:104} INFO - [2024-02-11 19:21:42,786] {dag.py:2280} INFO - Setting next_dagrun for example_dag_decorator to None
[2024-02-11 19:21:42,796] {scheduler_job.py:190} INFO - Processing /usr/local/lib/python3.8/site-packages/airflow/example_dags/example_dag_decorator.py took 0.062 seconds
