[2024-02-11 19:14:51,972] {scheduler_job.py:182} INFO - Started process (PID=207) to work on /usr/local/lib/python3.8/site-packages/airflow/example_dags/example_latest_only_with_trigger.py
[2024-02-11 19:14:51,973] {scheduler_job.py:629} INFO - Processing file /usr/local/lib/python3.8/site-packages/airflow/example_dags/example_latest_only_with_trigger.py for tasks to queue
[2024-02-11 19:14:51,974] {logging_mixin.py:104} INFO - [2024-02-11 19:14:51,973] {dagbag.py:451} INFO - Filling up the DagBag from /usr/local/lib/python3.8/site-packages/airflow/example_dags/example_latest_only_with_trigger.py
[2024-02-11 19:14:51,979] {scheduler_job.py:639} INFO - DAG(s) dict_keys(['latest_only_with_trigger']) retrieved from /usr/local/lib/python3.8/site-packages/airflow/example_dags/example_latest_only_with_trigger.py
[2024-02-11 19:14:51,994] {logging_mixin.py:104} INFO - [2024-02-11 19:14:51,993] {dag.py:1824} INFO - Sync 1 DAGs
[2024-02-11 19:14:52,003] {logging_mixin.py:104} INFO - [2024-02-11 19:14:52,003] {dag.py:2280} INFO - Setting next_dagrun for latest_only_with_trigger to 2024-02-09 00:00:00+00:00
[2024-02-11 19:14:52,013] {scheduler_job.py:190} INFO - Processing /usr/local/lib/python3.8/site-packages/airflow/example_dags/example_latest_only_with_trigger.py took 0.043 seconds
[2024-02-11 19:15:21,759] {scheduler_job.py:182} INFO - Started process (PID=217) to work on /usr/local/lib/python3.8/site-packages/airflow/example_dags/example_latest_only_with_trigger.py
[2024-02-11 19:15:21,761] {scheduler_job.py:629} INFO - Processing file /usr/local/lib/python3.8/site-packages/airflow/example_dags/example_latest_only_with_trigger.py for tasks to queue
[2024-02-11 19:15:21,762] {logging_mixin.py:104} INFO - [2024-02-11 19:15:21,762] {dagbag.py:451} INFO - Filling up the DagBag from /usr/local/lib/python3.8/site-packages/airflow/example_dags/example_latest_only_with_trigger.py
[2024-02-11 19:15:21,768] {scheduler_job.py:639} INFO - DAG(s) dict_keys(['latest_only_with_trigger']) retrieved from /usr/local/lib/python3.8/site-packages/airflow/example_dags/example_latest_only_with_trigger.py
[2024-02-11 19:15:21,789] {logging_mixin.py:104} INFO - [2024-02-11 19:15:21,789] {dag.py:1824} INFO - Sync 1 DAGs
[2024-02-11 19:15:21,802] {logging_mixin.py:104} INFO - [2024-02-11 19:15:21,802] {dag.py:2280} INFO - Setting next_dagrun for latest_only_with_trigger to 2024-02-09 00:00:00+00:00
[2024-02-11 19:15:21,812] {scheduler_job.py:190} INFO - Processing /usr/local/lib/python3.8/site-packages/airflow/example_dags/example_latest_only_with_trigger.py took 0.055 seconds
[2024-02-11 19:15:52,347] {scheduler_job.py:182} INFO - Started process (PID=371) to work on /usr/local/lib/python3.8/site-packages/airflow/example_dags/example_latest_only_with_trigger.py
[2024-02-11 19:15:52,348] {scheduler_job.py:629} INFO - Processing file /usr/local/lib/python3.8/site-packages/airflow/example_dags/example_latest_only_with_trigger.py for tasks to queue
[2024-02-11 19:15:52,349] {logging_mixin.py:104} INFO - [2024-02-11 19:15:52,349] {dagbag.py:451} INFO - Filling up the DagBag from /usr/local/lib/python3.8/site-packages/airflow/example_dags/example_latest_only_with_trigger.py
[2024-02-11 19:15:52,356] {scheduler_job.py:639} INFO - DAG(s) dict_keys(['latest_only_with_trigger']) retrieved from /usr/local/lib/python3.8/site-packages/airflow/example_dags/example_latest_only_with_trigger.py
[2024-02-11 19:15:52,381] {logging_mixin.py:104} INFO - [2024-02-11 19:15:52,381] {dag.py:1824} INFO - Sync 1 DAGs
[2024-02-11 19:15:52,395] {logging_mixin.py:104} INFO - [2024-02-11 19:15:52,395] {dag.py:2280} INFO - Setting next_dagrun for latest_only_with_trigger to 2024-02-09 00:00:00+00:00
[2024-02-11 19:15:52,407] {scheduler_job.py:190} INFO - Processing /usr/local/lib/python3.8/site-packages/airflow/example_dags/example_latest_only_with_trigger.py took 0.062 seconds
[2024-02-11 19:16:22,963] {scheduler_job.py:182} INFO - Started process (PID=519) to work on /usr/local/lib/python3.8/site-packages/airflow/example_dags/example_latest_only_with_trigger.py
[2024-02-11 19:16:22,964] {scheduler_job.py:629} INFO - Processing file /usr/local/lib/python3.8/site-packages/airflow/example_dags/example_latest_only_with_trigger.py for tasks to queue
[2024-02-11 19:16:22,965] {logging_mixin.py:104} INFO - [2024-02-11 19:16:22,965] {dagbag.py:451} INFO - Filling up the DagBag from /usr/local/lib/python3.8/site-packages/airflow/example_dags/example_latest_only_with_trigger.py
[2024-02-11 19:16:22,970] {scheduler_job.py:639} INFO - DAG(s) dict_keys(['latest_only_with_trigger']) retrieved from /usr/local/lib/python3.8/site-packages/airflow/example_dags/example_latest_only_with_trigger.py
[2024-02-11 19:16:22,988] {logging_mixin.py:104} INFO - [2024-02-11 19:16:22,988] {dag.py:1824} INFO - Sync 1 DAGs
[2024-02-11 19:16:22,998] {logging_mixin.py:104} INFO - [2024-02-11 19:16:22,998] {dag.py:2280} INFO - Setting next_dagrun for latest_only_with_trigger to 2024-02-09 00:00:00+00:00
[2024-02-11 19:16:23,009] {scheduler_job.py:190} INFO - Processing /usr/local/lib/python3.8/site-packages/airflow/example_dags/example_latest_only_with_trigger.py took 0.048 seconds
[2024-02-11 19:16:53,244] {scheduler_job.py:182} INFO - Started process (PID=647) to work on /usr/local/lib/python3.8/site-packages/airflow/example_dags/example_latest_only_with_trigger.py
[2024-02-11 19:16:53,245] {scheduler_job.py:629} INFO - Processing file /usr/local/lib/python3.8/site-packages/airflow/example_dags/example_latest_only_with_trigger.py for tasks to queue
[2024-02-11 19:16:53,246] {logging_mixin.py:104} INFO - [2024-02-11 19:16:53,246] {dagbag.py:451} INFO - Filling up the DagBag from /usr/local/lib/python3.8/site-packages/airflow/example_dags/example_latest_only_with_trigger.py
[2024-02-11 19:16:53,253] {scheduler_job.py:639} INFO - DAG(s) dict_keys(['latest_only_with_trigger']) retrieved from /usr/local/lib/python3.8/site-packages/airflow/example_dags/example_latest_only_with_trigger.py
[2024-02-11 19:16:53,272] {logging_mixin.py:104} INFO - [2024-02-11 19:16:53,272] {dag.py:1824} INFO - Sync 1 DAGs
[2024-02-11 19:16:53,285] {logging_mixin.py:104} INFO - [2024-02-11 19:16:53,284] {dag.py:2280} INFO - Setting next_dagrun for latest_only_with_trigger to 2024-02-09 00:00:00+00:00
[2024-02-11 19:16:53,294] {scheduler_job.py:190} INFO - Processing /usr/local/lib/python3.8/site-packages/airflow/example_dags/example_latest_only_with_trigger.py took 0.054 seconds
[2024-02-11 19:19:41,328] {scheduler_job.py:182} INFO - Started process (PID=187) to work on /usr/local/lib/python3.8/site-packages/airflow/example_dags/example_latest_only_with_trigger.py
[2024-02-11 19:19:41,329] {scheduler_job.py:629} INFO - Processing file /usr/local/lib/python3.8/site-packages/airflow/example_dags/example_latest_only_with_trigger.py for tasks to queue
[2024-02-11 19:19:41,330] {logging_mixin.py:104} INFO - [2024-02-11 19:19:41,330] {dagbag.py:451} INFO - Filling up the DagBag from /usr/local/lib/python3.8/site-packages/airflow/example_dags/example_latest_only_with_trigger.py
[2024-02-11 19:19:41,338] {scheduler_job.py:639} INFO - DAG(s) dict_keys(['latest_only_with_trigger']) retrieved from /usr/local/lib/python3.8/site-packages/airflow/example_dags/example_latest_only_with_trigger.py
[2024-02-11 19:19:41,359] {logging_mixin.py:104} INFO - [2024-02-11 19:19:41,358] {dag.py:1824} INFO - Sync 1 DAGs
[2024-02-11 19:19:41,365] {logging_mixin.py:104} INFO - [2024-02-11 19:19:41,365] {dag.py:1843} INFO - Creating ORM DAG for latest_only_with_trigger
[2024-02-11 19:19:41,370] {logging_mixin.py:104} INFO - [2024-02-11 19:19:41,370] {dag.py:2280} INFO - Setting next_dagrun for latest_only_with_trigger to 2024-02-09 00:00:00+00:00
[2024-02-11 19:19:41,383] {scheduler_job.py:190} INFO - Processing /usr/local/lib/python3.8/site-packages/airflow/example_dags/example_latest_only_with_trigger.py took 0.058 seconds
[2024-02-11 19:20:11,447] {scheduler_job.py:182} INFO - Started process (PID=317) to work on /usr/local/lib/python3.8/site-packages/airflow/example_dags/example_latest_only_with_trigger.py
[2024-02-11 19:20:11,449] {scheduler_job.py:629} INFO - Processing file /usr/local/lib/python3.8/site-packages/airflow/example_dags/example_latest_only_with_trigger.py for tasks to queue
[2024-02-11 19:20:11,451] {logging_mixin.py:104} INFO - [2024-02-11 19:20:11,450] {dagbag.py:451} INFO - Filling up the DagBag from /usr/local/lib/python3.8/site-packages/airflow/example_dags/example_latest_only_with_trigger.py
[2024-02-11 19:20:11,458] {scheduler_job.py:639} INFO - DAG(s) dict_keys(['latest_only_with_trigger']) retrieved from /usr/local/lib/python3.8/site-packages/airflow/example_dags/example_latest_only_with_trigger.py
[2024-02-11 19:20:11,479] {logging_mixin.py:104} INFO - [2024-02-11 19:20:11,479] {dag.py:1824} INFO - Sync 1 DAGs
[2024-02-11 19:20:11,491] {logging_mixin.py:104} INFO - [2024-02-11 19:20:11,491] {dag.py:2280} INFO - Setting next_dagrun for latest_only_with_trigger to 2024-02-09 00:00:00+00:00
[2024-02-11 19:20:11,501] {scheduler_job.py:190} INFO - Processing /usr/local/lib/python3.8/site-packages/airflow/example_dags/example_latest_only_with_trigger.py took 0.056 seconds
[2024-02-11 19:20:41,743] {scheduler_job.py:182} INFO - Started process (PID=447) to work on /usr/local/lib/python3.8/site-packages/airflow/example_dags/example_latest_only_with_trigger.py
[2024-02-11 19:20:41,744] {scheduler_job.py:629} INFO - Processing file /usr/local/lib/python3.8/site-packages/airflow/example_dags/example_latest_only_with_trigger.py for tasks to queue
[2024-02-11 19:20:41,745] {logging_mixin.py:104} INFO - [2024-02-11 19:20:41,745] {dagbag.py:451} INFO - Filling up the DagBag from /usr/local/lib/python3.8/site-packages/airflow/example_dags/example_latest_only_with_trigger.py
[2024-02-11 19:20:41,752] {scheduler_job.py:639} INFO - DAG(s) dict_keys(['latest_only_with_trigger']) retrieved from /usr/local/lib/python3.8/site-packages/airflow/example_dags/example_latest_only_with_trigger.py
[2024-02-11 19:20:41,772] {logging_mixin.py:104} INFO - [2024-02-11 19:20:41,772] {dag.py:1824} INFO - Sync 1 DAGs
[2024-02-11 19:20:41,784] {logging_mixin.py:104} INFO - [2024-02-11 19:20:41,784] {dag.py:2280} INFO - Setting next_dagrun for latest_only_with_trigger to 2024-02-09 00:00:00+00:00
[2024-02-11 19:20:41,794] {scheduler_job.py:190} INFO - Processing /usr/local/lib/python3.8/site-packages/airflow/example_dags/example_latest_only_with_trigger.py took 0.053 seconds
[2024-02-11 19:21:11,880] {scheduler_job.py:182} INFO - Started process (PID=577) to work on /usr/local/lib/python3.8/site-packages/airflow/example_dags/example_latest_only_with_trigger.py
[2024-02-11 19:21:11,882] {scheduler_job.py:629} INFO - Processing file /usr/local/lib/python3.8/site-packages/airflow/example_dags/example_latest_only_with_trigger.py for tasks to queue
[2024-02-11 19:21:11,883] {logging_mixin.py:104} INFO - [2024-02-11 19:21:11,883] {dagbag.py:451} INFO - Filling up the DagBag from /usr/local/lib/python3.8/site-packages/airflow/example_dags/example_latest_only_with_trigger.py
[2024-02-11 19:21:11,890] {scheduler_job.py:639} INFO - DAG(s) dict_keys(['latest_only_with_trigger']) retrieved from /usr/local/lib/python3.8/site-packages/airflow/example_dags/example_latest_only_with_trigger.py
[2024-02-11 19:21:11,912] {logging_mixin.py:104} INFO - [2024-02-11 19:21:11,912] {dag.py:1824} INFO - Sync 1 DAGs
[2024-02-11 19:21:11,926] {logging_mixin.py:104} INFO - [2024-02-11 19:21:11,926] {dag.py:2280} INFO - Setting next_dagrun for latest_only_with_trigger to 2024-02-09 00:00:00+00:00
[2024-02-11 19:21:11,937] {scheduler_job.py:190} INFO - Processing /usr/local/lib/python3.8/site-packages/airflow/example_dags/example_latest_only_with_trigger.py took 0.059 seconds
[2024-02-11 19:21:42,176] {scheduler_job.py:182} INFO - Started process (PID=706) to work on /usr/local/lib/python3.8/site-packages/airflow/example_dags/example_latest_only_with_trigger.py
[2024-02-11 19:21:42,177] {scheduler_job.py:629} INFO - Processing file /usr/local/lib/python3.8/site-packages/airflow/example_dags/example_latest_only_with_trigger.py for tasks to queue
[2024-02-11 19:21:42,178] {logging_mixin.py:104} INFO - [2024-02-11 19:21:42,178] {dagbag.py:451} INFO - Filling up the DagBag from /usr/local/lib/python3.8/site-packages/airflow/example_dags/example_latest_only_with_trigger.py
[2024-02-11 19:21:42,185] {scheduler_job.py:639} INFO - DAG(s) dict_keys(['latest_only_with_trigger']) retrieved from /usr/local/lib/python3.8/site-packages/airflow/example_dags/example_latest_only_with_trigger.py
[2024-02-11 19:21:42,203] {logging_mixin.py:104} INFO - [2024-02-11 19:21:42,203] {dag.py:1824} INFO - Sync 1 DAGs
[2024-02-11 19:21:42,213] {logging_mixin.py:104} INFO - [2024-02-11 19:21:42,213] {dag.py:2280} INFO - Setting next_dagrun for latest_only_with_trigger to 2024-02-09 00:00:00+00:00
[2024-02-11 19:21:42,225] {scheduler_job.py:190} INFO - Processing /usr/local/lib/python3.8/site-packages/airflow/example_dags/example_latest_only_with_trigger.py took 0.051 seconds
