[2024-02-11 19:14:52,149] {scheduler_job.py:182} INFO - Started process (PID=232) to work on /usr/local/lib/python3.8/site-packages/airflow/example_dags/example_branch_python_dop_operator_3.py
[2024-02-11 19:14:52,151] {scheduler_job.py:629} INFO - Processing file /usr/local/lib/python3.8/site-packages/airflow/example_dags/example_branch_python_dop_operator_3.py for tasks to queue
[2024-02-11 19:14:52,154] {logging_mixin.py:104} INFO - [2024-02-11 19:14:52,154] {dagbag.py:451} INFO - Filling up the DagBag from /usr/local/lib/python3.8/site-packages/airflow/example_dags/example_branch_python_dop_operator_3.py
[2024-02-11 19:14:52,168] {scheduler_job.py:639} INFO - DAG(s) dict_keys(['example_branch_dop_operator_v3']) retrieved from /usr/local/lib/python3.8/site-packages/airflow/example_dags/example_branch_python_dop_operator_3.py
[2024-02-11 19:14:52,189] {logging_mixin.py:104} INFO - [2024-02-11 19:14:52,189] {dag.py:1824} INFO - Sync 1 DAGs
[2024-02-11 19:14:52,209] {logging_mixin.py:104} INFO - [2024-02-11 19:14:52,209] {dag.py:2280} INFO - Setting next_dagrun for example_branch_dop_operator_v3 to 2024-02-09 00:00:00+00:00
[2024-02-11 19:14:52,220] {scheduler_job.py:190} INFO - Processing /usr/local/lib/python3.8/site-packages/airflow/example_dags/example_branch_python_dop_operator_3.py took 0.074 seconds
[2024-02-11 19:15:22,106] {scheduler_job.py:182} INFO - Started process (PID=259) to work on /usr/local/lib/python3.8/site-packages/airflow/example_dags/example_branch_python_dop_operator_3.py
[2024-02-11 19:15:22,108] {scheduler_job.py:629} INFO - Processing file /usr/local/lib/python3.8/site-packages/airflow/example_dags/example_branch_python_dop_operator_3.py for tasks to queue
[2024-02-11 19:15:22,109] {logging_mixin.py:104} INFO - [2024-02-11 19:15:22,109] {dagbag.py:451} INFO - Filling up the DagBag from /usr/local/lib/python3.8/site-packages/airflow/example_dags/example_branch_python_dop_operator_3.py
[2024-02-11 19:15:22,120] {scheduler_job.py:639} INFO - DAG(s) dict_keys(['example_branch_dop_operator_v3']) retrieved from /usr/local/lib/python3.8/site-packages/airflow/example_dags/example_branch_python_dop_operator_3.py
[2024-02-11 19:15:22,146] {logging_mixin.py:104} INFO - [2024-02-11 19:15:22,146] {dag.py:1824} INFO - Sync 1 DAGs
[2024-02-11 19:15:22,168] {logging_mixin.py:104} INFO - [2024-02-11 19:15:22,168] {dag.py:2280} INFO - Setting next_dagrun for example_branch_dop_operator_v3 to 2024-02-09 00:00:00+00:00
[2024-02-11 19:15:22,178] {scheduler_job.py:190} INFO - Processing /usr/local/lib/python3.8/site-packages/airflow/example_dags/example_branch_python_dop_operator_3.py took 0.074 seconds
[2024-02-11 19:15:52,517] {scheduler_job.py:182} INFO - Started process (PID=384) to work on /usr/local/lib/python3.8/site-packages/airflow/example_dags/example_branch_python_dop_operator_3.py
[2024-02-11 19:15:52,518] {scheduler_job.py:629} INFO - Processing file /usr/local/lib/python3.8/site-packages/airflow/example_dags/example_branch_python_dop_operator_3.py for tasks to queue
[2024-02-11 19:15:52,519] {logging_mixin.py:104} INFO - [2024-02-11 19:15:52,519] {dagbag.py:451} INFO - Filling up the DagBag from /usr/local/lib/python3.8/site-packages/airflow/example_dags/example_branch_python_dop_operator_3.py
[2024-02-11 19:15:52,528] {scheduler_job.py:639} INFO - DAG(s) dict_keys(['example_branch_dop_operator_v3']) retrieved from /usr/local/lib/python3.8/site-packages/airflow/example_dags/example_branch_python_dop_operator_3.py
[2024-02-11 19:15:52,552] {logging_mixin.py:104} INFO - [2024-02-11 19:15:52,552] {dag.py:1824} INFO - Sync 1 DAGs
[2024-02-11 19:15:52,573] {logging_mixin.py:104} INFO - [2024-02-11 19:15:52,573] {dag.py:2280} INFO - Setting next_dagrun for example_branch_dop_operator_v3 to 2024-02-09 00:00:00+00:00
[2024-02-11 19:15:52,582] {scheduler_job.py:190} INFO - Processing /usr/local/lib/python3.8/site-packages/airflow/example_dags/example_branch_python_dop_operator_3.py took 0.067 seconds
[2024-02-11 19:16:22,775] {scheduler_job.py:182} INFO - Started process (PID=504) to work on /usr/local/lib/python3.8/site-packages/airflow/example_dags/example_branch_python_dop_operator_3.py
[2024-02-11 19:16:22,777] {scheduler_job.py:629} INFO - Processing file /usr/local/lib/python3.8/site-packages/airflow/example_dags/example_branch_python_dop_operator_3.py for tasks to queue
[2024-02-11 19:16:22,778] {logging_mixin.py:104} INFO - [2024-02-11 19:16:22,778] {dagbag.py:451} INFO - Filling up the DagBag from /usr/local/lib/python3.8/site-packages/airflow/example_dags/example_branch_python_dop_operator_3.py
[2024-02-11 19:16:22,789] {scheduler_job.py:639} INFO - DAG(s) dict_keys(['example_branch_dop_operator_v3']) retrieved from /usr/local/lib/python3.8/site-packages/airflow/example_dags/example_branch_python_dop_operator_3.py
[2024-02-11 19:16:22,810] {logging_mixin.py:104} INFO - [2024-02-11 19:16:22,810] {dag.py:1824} INFO - Sync 1 DAGs
[2024-02-11 19:16:22,830] {logging_mixin.py:104} INFO - [2024-02-11 19:16:22,830] {dag.py:2280} INFO - Setting next_dagrun for example_branch_dop_operator_v3 to 2024-02-09 00:00:00+00:00
[2024-02-11 19:16:22,841] {scheduler_job.py:190} INFO - Processing /usr/local/lib/python3.8/site-packages/airflow/example_dags/example_branch_python_dop_operator_3.py took 0.072 seconds
[2024-02-11 19:16:53,095] {scheduler_job.py:182} INFO - Started process (PID=632) to work on /usr/local/lib/python3.8/site-packages/airflow/example_dags/example_branch_python_dop_operator_3.py
[2024-02-11 19:16:53,096] {scheduler_job.py:629} INFO - Processing file /usr/local/lib/python3.8/site-packages/airflow/example_dags/example_branch_python_dop_operator_3.py for tasks to queue
[2024-02-11 19:16:53,097] {logging_mixin.py:104} INFO - [2024-02-11 19:16:53,096] {dagbag.py:451} INFO - Filling up the DagBag from /usr/local/lib/python3.8/site-packages/airflow/example_dags/example_branch_python_dop_operator_3.py
[2024-02-11 19:16:53,107] {scheduler_job.py:639} INFO - DAG(s) dict_keys(['example_branch_dop_operator_v3']) retrieved from /usr/local/lib/python3.8/site-packages/airflow/example_dags/example_branch_python_dop_operator_3.py
[2024-02-11 19:16:53,130] {logging_mixin.py:104} INFO - [2024-02-11 19:16:53,129] {dag.py:1824} INFO - Sync 1 DAGs
[2024-02-11 19:16:53,149] {logging_mixin.py:104} INFO - [2024-02-11 19:16:53,149] {dag.py:2280} INFO - Setting next_dagrun for example_branch_dop_operator_v3 to 2024-02-09 00:00:00+00:00
[2024-02-11 19:16:53,159] {scheduler_job.py:190} INFO - Processing /usr/local/lib/python3.8/site-packages/airflow/example_dags/example_branch_python_dop_operator_3.py took 0.067 seconds
[2024-02-11 19:19:41,863] {scheduler_job.py:182} INFO - Started process (PID=257) to work on /usr/local/lib/python3.8/site-packages/airflow/example_dags/example_branch_python_dop_operator_3.py
[2024-02-11 19:19:41,865] {scheduler_job.py:629} INFO - Processing file /usr/local/lib/python3.8/site-packages/airflow/example_dags/example_branch_python_dop_operator_3.py for tasks to queue
[2024-02-11 19:19:41,866] {logging_mixin.py:104} INFO - [2024-02-11 19:19:41,866] {dagbag.py:451} INFO - Filling up the DagBag from /usr/local/lib/python3.8/site-packages/airflow/example_dags/example_branch_python_dop_operator_3.py
[2024-02-11 19:19:41,874] {scheduler_job.py:639} INFO - DAG(s) dict_keys(['example_branch_dop_operator_v3']) retrieved from /usr/local/lib/python3.8/site-packages/airflow/example_dags/example_branch_python_dop_operator_3.py
[2024-02-11 19:19:41,894] {logging_mixin.py:104} INFO - [2024-02-11 19:19:41,894] {dag.py:1824} INFO - Sync 1 DAGs
[2024-02-11 19:19:41,900] {logging_mixin.py:104} INFO - [2024-02-11 19:19:41,900] {dag.py:1843} INFO - Creating ORM DAG for example_branch_dop_operator_v3
[2024-02-11 19:19:41,913] {logging_mixin.py:104} INFO - [2024-02-11 19:19:41,913] {dag.py:2280} INFO - Setting next_dagrun for example_branch_dop_operator_v3 to 2024-02-09 00:00:00+00:00
[2024-02-11 19:19:41,926] {scheduler_job.py:190} INFO - Processing /usr/local/lib/python3.8/site-packages/airflow/example_dags/example_branch_python_dop_operator_3.py took 0.066 seconds
[2024-02-11 19:20:12,298] {scheduler_job.py:182} INFO - Started process (PID=402) to work on /usr/local/lib/python3.8/site-packages/airflow/example_dags/example_branch_python_dop_operator_3.py
[2024-02-11 19:20:12,300] {scheduler_job.py:629} INFO - Processing file /usr/local/lib/python3.8/site-packages/airflow/example_dags/example_branch_python_dop_operator_3.py for tasks to queue
[2024-02-11 19:20:12,300] {logging_mixin.py:104} INFO - [2024-02-11 19:20:12,300] {dagbag.py:451} INFO - Filling up the DagBag from /usr/local/lib/python3.8/site-packages/airflow/example_dags/example_branch_python_dop_operator_3.py
[2024-02-11 19:20:12,311] {scheduler_job.py:639} INFO - DAG(s) dict_keys(['example_branch_dop_operator_v3']) retrieved from /usr/local/lib/python3.8/site-packages/airflow/example_dags/example_branch_python_dop_operator_3.py
[2024-02-11 19:20:12,330] {logging_mixin.py:104} INFO - [2024-02-11 19:20:12,330] {dag.py:1824} INFO - Sync 1 DAGs
[2024-02-11 19:20:12,350] {logging_mixin.py:104} INFO - [2024-02-11 19:20:12,350] {dag.py:2280} INFO - Setting next_dagrun for example_branch_dop_operator_v3 to 2024-02-09 00:00:00+00:00
[2024-02-11 19:20:12,360] {scheduler_job.py:190} INFO - Processing /usr/local/lib/python3.8/site-packages/airflow/example_dags/example_branch_python_dop_operator_3.py took 0.064 seconds
[2024-02-11 19:20:42,427] {scheduler_job.py:182} INFO - Started process (PID=532) to work on /usr/local/lib/python3.8/site-packages/airflow/example_dags/example_branch_python_dop_operator_3.py
[2024-02-11 19:20:42,429] {scheduler_job.py:629} INFO - Processing file /usr/local/lib/python3.8/site-packages/airflow/example_dags/example_branch_python_dop_operator_3.py for tasks to queue
[2024-02-11 19:20:42,430] {logging_mixin.py:104} INFO - [2024-02-11 19:20:42,430] {dagbag.py:451} INFO - Filling up the DagBag from /usr/local/lib/python3.8/site-packages/airflow/example_dags/example_branch_python_dop_operator_3.py
[2024-02-11 19:20:42,438] {scheduler_job.py:639} INFO - DAG(s) dict_keys(['example_branch_dop_operator_v3']) retrieved from /usr/local/lib/python3.8/site-packages/airflow/example_dags/example_branch_python_dop_operator_3.py
[2024-02-11 19:20:42,459] {logging_mixin.py:104} INFO - [2024-02-11 19:20:42,459] {dag.py:1824} INFO - Sync 1 DAGs
[2024-02-11 19:20:42,477] {logging_mixin.py:104} INFO - [2024-02-11 19:20:42,477] {dag.py:2280} INFO - Setting next_dagrun for example_branch_dop_operator_v3 to 2024-02-09 00:00:00+00:00
[2024-02-11 19:20:42,486] {scheduler_job.py:190} INFO - Processing /usr/local/lib/python3.8/site-packages/airflow/example_dags/example_branch_python_dop_operator_3.py took 0.061 seconds
[2024-02-11 19:21:12,630] {scheduler_job.py:182} INFO - Started process (PID=662) to work on /usr/local/lib/python3.8/site-packages/airflow/example_dags/example_branch_python_dop_operator_3.py
[2024-02-11 19:21:12,632] {scheduler_job.py:629} INFO - Processing file /usr/local/lib/python3.8/site-packages/airflow/example_dags/example_branch_python_dop_operator_3.py for tasks to queue
[2024-02-11 19:21:12,632] {logging_mixin.py:104} INFO - [2024-02-11 19:21:12,632] {dagbag.py:451} INFO - Filling up the DagBag from /usr/local/lib/python3.8/site-packages/airflow/example_dags/example_branch_python_dop_operator_3.py
[2024-02-11 19:21:12,642] {scheduler_job.py:639} INFO - DAG(s) dict_keys(['example_branch_dop_operator_v3']) retrieved from /usr/local/lib/python3.8/site-packages/airflow/example_dags/example_branch_python_dop_operator_3.py
[2024-02-11 19:21:12,664] {logging_mixin.py:104} INFO - [2024-02-11 19:21:12,664] {dag.py:1824} INFO - Sync 1 DAGs
[2024-02-11 19:21:12,681] {logging_mixin.py:104} INFO - [2024-02-11 19:21:12,681] {dag.py:2280} INFO - Setting next_dagrun for example_branch_dop_operator_v3 to 2024-02-09 00:00:00+00:00
[2024-02-11 19:21:12,691] {scheduler_job.py:190} INFO - Processing /usr/local/lib/python3.8/site-packages/airflow/example_dags/example_branch_python_dop_operator_3.py took 0.063 seconds
[2024-02-11 19:21:42,844] {scheduler_job.py:182} INFO - Started process (PID=792) to work on /usr/local/lib/python3.8/site-packages/airflow/example_dags/example_branch_python_dop_operator_3.py
[2024-02-11 19:21:42,845] {scheduler_job.py:629} INFO - Processing file /usr/local/lib/python3.8/site-packages/airflow/example_dags/example_branch_python_dop_operator_3.py for tasks to queue
[2024-02-11 19:21:42,846] {logging_mixin.py:104} INFO - [2024-02-11 19:21:42,846] {dagbag.py:451} INFO - Filling up the DagBag from /usr/local/lib/python3.8/site-packages/airflow/example_dags/example_branch_python_dop_operator_3.py
[2024-02-11 19:21:42,855] {scheduler_job.py:639} INFO - DAG(s) dict_keys(['example_branch_dop_operator_v3']) retrieved from /usr/local/lib/python3.8/site-packages/airflow/example_dags/example_branch_python_dop_operator_3.py
[2024-02-11 19:21:42,877] {logging_mixin.py:104} INFO - [2024-02-11 19:21:42,877] {dag.py:1824} INFO - Sync 1 DAGs
[2024-02-11 19:21:42,895] {logging_mixin.py:104} INFO - [2024-02-11 19:21:42,895] {dag.py:2280} INFO - Setting next_dagrun for example_branch_dop_operator_v3 to 2024-02-09 00:00:00+00:00
[2024-02-11 19:21:42,905] {scheduler_job.py:190} INFO - Processing /usr/local/lib/python3.8/site-packages/airflow/example_dags/example_branch_python_dop_operator_3.py took 0.064 seconds
