[2024-02-11 19:14:52,108] {scheduler_job.py:182} INFO - Started process (PID=227) to work on /usr/local/lib/python3.8/site-packages/airflow/example_dags/example_skip_dag.py
[2024-02-11 19:14:52,109] {scheduler_job.py:629} INFO - Processing file /usr/local/lib/python3.8/site-packages/airflow/example_dags/example_skip_dag.py for tasks to queue
[2024-02-11 19:14:52,110] {logging_mixin.py:104} INFO - [2024-02-11 19:14:52,110] {dagbag.py:451} INFO - Filling up the DagBag from /usr/local/lib/python3.8/site-packages/airflow/example_dags/example_skip_dag.py
[2024-02-11 19:14:52,117] {scheduler_job.py:639} INFO - DAG(s) dict_keys(['example_skip_dag']) retrieved from /usr/local/lib/python3.8/site-packages/airflow/example_dags/example_skip_dag.py
[2024-02-11 19:14:52,133] {logging_mixin.py:104} INFO - [2024-02-11 19:14:52,133] {dag.py:1824} INFO - Sync 1 DAGs
[2024-02-11 19:14:52,146] {logging_mixin.py:104} INFO - [2024-02-11 19:14:52,146] {dag.py:2280} INFO - Setting next_dagrun for example_skip_dag to 2024-02-09 00:00:00+00:00
[2024-02-11 19:14:52,164] {scheduler_job.py:190} INFO - Processing /usr/local/lib/python3.8/site-packages/airflow/example_dags/example_skip_dag.py took 0.059 seconds
[2024-02-11 19:15:21,838] {scheduler_job.py:182} INFO - Started process (PID=227) to work on /usr/local/lib/python3.8/site-packages/airflow/example_dags/example_skip_dag.py
[2024-02-11 19:15:21,840] {scheduler_job.py:629} INFO - Processing file /usr/local/lib/python3.8/site-packages/airflow/example_dags/example_skip_dag.py for tasks to queue
[2024-02-11 19:15:21,841] {logging_mixin.py:104} INFO - [2024-02-11 19:15:21,841] {dagbag.py:451} INFO - Filling up the DagBag from /usr/local/lib/python3.8/site-packages/airflow/example_dags/example_skip_dag.py
[2024-02-11 19:15:21,848] {scheduler_job.py:639} INFO - DAG(s) dict_keys(['example_skip_dag']) retrieved from /usr/local/lib/python3.8/site-packages/airflow/example_dags/example_skip_dag.py
[2024-02-11 19:15:21,873] {logging_mixin.py:104} INFO - [2024-02-11 19:15:21,873] {dag.py:1824} INFO - Sync 1 DAGs
[2024-02-11 19:15:21,885] {logging_mixin.py:104} INFO - [2024-02-11 19:15:21,885] {dag.py:2280} INFO - Setting next_dagrun for example_skip_dag to 2024-02-09 00:00:00+00:00
[2024-02-11 19:15:21,897] {scheduler_job.py:190} INFO - Processing /usr/local/lib/python3.8/site-packages/airflow/example_dags/example_skip_dag.py took 0.062 seconds
[2024-02-11 19:15:52,035] {scheduler_job.py:182} INFO - Started process (PID=336) to work on /usr/local/lib/python3.8/site-packages/airflow/example_dags/example_skip_dag.py
[2024-02-11 19:15:52,037] {scheduler_job.py:629} INFO - Processing file /usr/local/lib/python3.8/site-packages/airflow/example_dags/example_skip_dag.py for tasks to queue
[2024-02-11 19:15:52,038] {logging_mixin.py:104} INFO - [2024-02-11 19:15:52,038] {dagbag.py:451} INFO - Filling up the DagBag from /usr/local/lib/python3.8/site-packages/airflow/example_dags/example_skip_dag.py
[2024-02-11 19:15:52,044] {scheduler_job.py:639} INFO - DAG(s) dict_keys(['example_skip_dag']) retrieved from /usr/local/lib/python3.8/site-packages/airflow/example_dags/example_skip_dag.py
[2024-02-11 19:15:52,065] {logging_mixin.py:104} INFO - [2024-02-11 19:15:52,065] {dag.py:1824} INFO - Sync 1 DAGs
[2024-02-11 19:15:52,077] {logging_mixin.py:104} INFO - [2024-02-11 19:15:52,077] {dag.py:2280} INFO - Setting next_dagrun for example_skip_dag to 2024-02-09 00:00:00+00:00
[2024-02-11 19:15:52,090] {scheduler_job.py:190} INFO - Processing /usr/local/lib/python3.8/site-packages/airflow/example_dags/example_skip_dag.py took 0.057 seconds
[2024-02-11 19:16:22,358] {scheduler_job.py:182} INFO - Started process (PID=451) to work on /usr/local/lib/python3.8/site-packages/airflow/example_dags/example_skip_dag.py
[2024-02-11 19:16:22,359] {scheduler_job.py:629} INFO - Processing file /usr/local/lib/python3.8/site-packages/airflow/example_dags/example_skip_dag.py for tasks to queue
[2024-02-11 19:16:22,360] {logging_mixin.py:104} INFO - [2024-02-11 19:16:22,360] {dagbag.py:451} INFO - Filling up the DagBag from /usr/local/lib/python3.8/site-packages/airflow/example_dags/example_skip_dag.py
[2024-02-11 19:16:22,366] {scheduler_job.py:639} INFO - DAG(s) dict_keys(['example_skip_dag']) retrieved from /usr/local/lib/python3.8/site-packages/airflow/example_dags/example_skip_dag.py
[2024-02-11 19:16:22,384] {logging_mixin.py:104} INFO - [2024-02-11 19:16:22,384] {dag.py:1824} INFO - Sync 1 DAGs
[2024-02-11 19:16:22,395] {logging_mixin.py:104} INFO - [2024-02-11 19:16:22,395] {dag.py:2280} INFO - Setting next_dagrun for example_skip_dag to 2024-02-09 00:00:00+00:00
[2024-02-11 19:16:22,405] {scheduler_job.py:190} INFO - Processing /usr/local/lib/python3.8/site-packages/airflow/example_dags/example_skip_dag.py took 0.050 seconds
[2024-02-11 19:16:52,611] {scheduler_job.py:182} INFO - Started process (PID=577) to work on /usr/local/lib/python3.8/site-packages/airflow/example_dags/example_skip_dag.py
[2024-02-11 19:16:52,613] {scheduler_job.py:629} INFO - Processing file /usr/local/lib/python3.8/site-packages/airflow/example_dags/example_skip_dag.py for tasks to queue
[2024-02-11 19:16:52,614] {logging_mixin.py:104} INFO - [2024-02-11 19:16:52,614] {dagbag.py:451} INFO - Filling up the DagBag from /usr/local/lib/python3.8/site-packages/airflow/example_dags/example_skip_dag.py
[2024-02-11 19:16:52,622] {scheduler_job.py:639} INFO - DAG(s) dict_keys(['example_skip_dag']) retrieved from /usr/local/lib/python3.8/site-packages/airflow/example_dags/example_skip_dag.py
[2024-02-11 19:16:52,646] {logging_mixin.py:104} INFO - [2024-02-11 19:16:52,646] {dag.py:1824} INFO - Sync 1 DAGs
[2024-02-11 19:16:52,658] {logging_mixin.py:104} INFO - [2024-02-11 19:16:52,658] {dag.py:2280} INFO - Setting next_dagrun for example_skip_dag to 2024-02-09 00:00:00+00:00
[2024-02-11 19:16:52,671] {scheduler_job.py:190} INFO - Processing /usr/local/lib/python3.8/site-packages/airflow/example_dags/example_skip_dag.py took 0.062 seconds
[2024-02-11 19:19:41,716] {scheduler_job.py:182} INFO - Started process (PID=232) to work on /usr/local/lib/python3.8/site-packages/airflow/example_dags/example_skip_dag.py
[2024-02-11 19:19:41,718] {scheduler_job.py:629} INFO - Processing file /usr/local/lib/python3.8/site-packages/airflow/example_dags/example_skip_dag.py for tasks to queue
[2024-02-11 19:19:41,718] {logging_mixin.py:104} INFO - [2024-02-11 19:19:41,718] {dagbag.py:451} INFO - Filling up the DagBag from /usr/local/lib/python3.8/site-packages/airflow/example_dags/example_skip_dag.py
[2024-02-11 19:19:41,725] {scheduler_job.py:639} INFO - DAG(s) dict_keys(['example_skip_dag']) retrieved from /usr/local/lib/python3.8/site-packages/airflow/example_dags/example_skip_dag.py
[2024-02-11 19:19:41,746] {logging_mixin.py:104} INFO - [2024-02-11 19:19:41,746] {dag.py:1824} INFO - Sync 1 DAGs
[2024-02-11 19:19:41,752] {logging_mixin.py:104} INFO - [2024-02-11 19:19:41,752] {dag.py:1843} INFO - Creating ORM DAG for example_skip_dag
[2024-02-11 19:19:41,757] {logging_mixin.py:104} INFO - [2024-02-11 19:19:41,757] {dag.py:2280} INFO - Setting next_dagrun for example_skip_dag to 2024-02-09 00:00:00+00:00
[2024-02-11 19:19:41,769] {scheduler_job.py:190} INFO - Processing /usr/local/lib/python3.8/site-packages/airflow/example_dags/example_skip_dag.py took 0.056 seconds
[2024-02-11 19:20:11,895] {scheduler_job.py:182} INFO - Started process (PID=354) to work on /usr/local/lib/python3.8/site-packages/airflow/example_dags/example_skip_dag.py
[2024-02-11 19:20:11,896] {scheduler_job.py:629} INFO - Processing file /usr/local/lib/python3.8/site-packages/airflow/example_dags/example_skip_dag.py for tasks to queue
[2024-02-11 19:20:11,897] {logging_mixin.py:104} INFO - [2024-02-11 19:20:11,897] {dagbag.py:451} INFO - Filling up the DagBag from /usr/local/lib/python3.8/site-packages/airflow/example_dags/example_skip_dag.py
[2024-02-11 19:20:11,903] {scheduler_job.py:639} INFO - DAG(s) dict_keys(['example_skip_dag']) retrieved from /usr/local/lib/python3.8/site-packages/airflow/example_dags/example_skip_dag.py
[2024-02-11 19:20:11,923] {logging_mixin.py:104} INFO - [2024-02-11 19:20:11,922] {dag.py:1824} INFO - Sync 1 DAGs
[2024-02-11 19:20:11,935] {logging_mixin.py:104} INFO - [2024-02-11 19:20:11,935] {dag.py:2280} INFO - Setting next_dagrun for example_skip_dag to 2024-02-09 00:00:00+00:00
[2024-02-11 19:20:11,946] {scheduler_job.py:190} INFO - Processing /usr/local/lib/python3.8/site-packages/airflow/example_dags/example_skip_dag.py took 0.053 seconds
[2024-02-11 19:20:42,035] {scheduler_job.py:182} INFO - Started process (PID=482) to work on /usr/local/lib/python3.8/site-packages/airflow/example_dags/example_skip_dag.py
[2024-02-11 19:20:42,037] {scheduler_job.py:629} INFO - Processing file /usr/local/lib/python3.8/site-packages/airflow/example_dags/example_skip_dag.py for tasks to queue
[2024-02-11 19:20:42,038] {logging_mixin.py:104} INFO - [2024-02-11 19:20:42,038] {dagbag.py:451} INFO - Filling up the DagBag from /usr/local/lib/python3.8/site-packages/airflow/example_dags/example_skip_dag.py
[2024-02-11 19:20:42,048] {scheduler_job.py:639} INFO - DAG(s) dict_keys(['example_skip_dag']) retrieved from /usr/local/lib/python3.8/site-packages/airflow/example_dags/example_skip_dag.py
[2024-02-11 19:20:42,074] {logging_mixin.py:104} INFO - [2024-02-11 19:20:42,074] {dag.py:1824} INFO - Sync 1 DAGs
[2024-02-11 19:20:42,096] {logging_mixin.py:104} INFO - [2024-02-11 19:20:42,095] {dag.py:2280} INFO - Setting next_dagrun for example_skip_dag to 2024-02-09 00:00:00+00:00
[2024-02-11 19:20:42,113] {scheduler_job.py:190} INFO - Processing /usr/local/lib/python3.8/site-packages/airflow/example_dags/example_skip_dag.py took 0.081 seconds
[2024-02-11 19:21:12,315] {scheduler_job.py:182} INFO - Started process (PID=622) to work on /usr/local/lib/python3.8/site-packages/airflow/example_dags/example_skip_dag.py
[2024-02-11 19:21:12,317] {scheduler_job.py:629} INFO - Processing file /usr/local/lib/python3.8/site-packages/airflow/example_dags/example_skip_dag.py for tasks to queue
[2024-02-11 19:21:12,318] {logging_mixin.py:104} INFO - [2024-02-11 19:21:12,318] {dagbag.py:451} INFO - Filling up the DagBag from /usr/local/lib/python3.8/site-packages/airflow/example_dags/example_skip_dag.py
[2024-02-11 19:21:12,324] {scheduler_job.py:639} INFO - DAG(s) dict_keys(['example_skip_dag']) retrieved from /usr/local/lib/python3.8/site-packages/airflow/example_dags/example_skip_dag.py
[2024-02-11 19:21:12,345] {logging_mixin.py:104} INFO - [2024-02-11 19:21:12,344] {dag.py:1824} INFO - Sync 1 DAGs
[2024-02-11 19:21:12,357] {logging_mixin.py:104} INFO - [2024-02-11 19:21:12,357] {dag.py:2280} INFO - Setting next_dagrun for example_skip_dag to 2024-02-09 00:00:00+00:00
[2024-02-11 19:21:12,371] {scheduler_job.py:190} INFO - Processing /usr/local/lib/python3.8/site-packages/airflow/example_dags/example_skip_dag.py took 0.058 seconds
[2024-02-11 19:21:42,493] {scheduler_job.py:182} INFO - Started process (PID=747) to work on /usr/local/lib/python3.8/site-packages/airflow/example_dags/example_skip_dag.py
[2024-02-11 19:21:42,494] {scheduler_job.py:629} INFO - Processing file /usr/local/lib/python3.8/site-packages/airflow/example_dags/example_skip_dag.py for tasks to queue
[2024-02-11 19:21:42,495] {logging_mixin.py:104} INFO - [2024-02-11 19:21:42,495] {dagbag.py:451} INFO - Filling up the DagBag from /usr/local/lib/python3.8/site-packages/airflow/example_dags/example_skip_dag.py
[2024-02-11 19:21:42,500] {scheduler_job.py:639} INFO - DAG(s) dict_keys(['example_skip_dag']) retrieved from /usr/local/lib/python3.8/site-packages/airflow/example_dags/example_skip_dag.py
[2024-02-11 19:21:42,522] {logging_mixin.py:104} INFO - [2024-02-11 19:21:42,521] {dag.py:1824} INFO - Sync 1 DAGs
[2024-02-11 19:21:42,535] {logging_mixin.py:104} INFO - [2024-02-11 19:21:42,534] {dag.py:2280} INFO - Setting next_dagrun for example_skip_dag to 2024-02-09 00:00:00+00:00
[2024-02-11 19:21:42,545] {scheduler_job.py:190} INFO - Processing /usr/local/lib/python3.8/site-packages/airflow/example_dags/example_skip_dag.py took 0.055 seconds
