[2024-02-11 19:14:52,394] {scheduler_job.py:182} INFO - Started process (PID=262) to work on /usr/local/lib/python3.8/site-packages/airflow/example_dags/example_xcomargs.py
[2024-02-11 19:14:52,396] {scheduler_job.py:629} INFO - Processing file /usr/local/lib/python3.8/site-packages/airflow/example_dags/example_xcomargs.py for tasks to queue
[2024-02-11 19:14:52,397] {logging_mixin.py:104} INFO - [2024-02-11 19:14:52,397] {dagbag.py:451} INFO - Filling up the DagBag from /usr/local/lib/python3.8/site-packages/airflow/example_dags/example_xcomargs.py
[2024-02-11 19:14:52,405] {scheduler_job.py:639} INFO - DAG(s) dict_keys(['example_xcom_args', 'example_xcom_args_with_operators']) retrieved from /usr/local/lib/python3.8/site-packages/airflow/example_dags/example_xcomargs.py
[2024-02-11 19:14:52,420] {logging_mixin.py:104} INFO - [2024-02-11 19:14:52,420] {dag.py:1824} INFO - Sync 2 DAGs
[2024-02-11 19:14:52,432] {logging_mixin.py:104} INFO - [2024-02-11 19:14:52,431] {dag.py:2280} INFO - Setting next_dagrun for example_xcom_args to None
[2024-02-11 19:14:52,432] {logging_mixin.py:104} INFO - [2024-02-11 19:14:52,432] {dag.py:2280} INFO - Setting next_dagrun for example_xcom_args_with_operators to None
[2024-02-11 19:14:52,441] {scheduler_job.py:190} INFO - Processing /usr/local/lib/python3.8/site-packages/airflow/example_dags/example_xcomargs.py took 0.049 seconds
[2024-02-11 19:15:21,941] {scheduler_job.py:182} INFO - Started process (PID=242) to work on /usr/local/lib/python3.8/site-packages/airflow/example_dags/example_xcomargs.py
[2024-02-11 19:15:21,943] {scheduler_job.py:629} INFO - Processing file /usr/local/lib/python3.8/site-packages/airflow/example_dags/example_xcomargs.py for tasks to queue
[2024-02-11 19:15:21,944] {logging_mixin.py:104} INFO - [2024-02-11 19:15:21,944] {dagbag.py:451} INFO - Filling up the DagBag from /usr/local/lib/python3.8/site-packages/airflow/example_dags/example_xcomargs.py
[2024-02-11 19:15:21,952] {scheduler_job.py:639} INFO - DAG(s) dict_keys(['example_xcom_args', 'example_xcom_args_with_operators']) retrieved from /usr/local/lib/python3.8/site-packages/airflow/example_dags/example_xcomargs.py
[2024-02-11 19:15:21,976] {logging_mixin.py:104} INFO - [2024-02-11 19:15:21,975] {dag.py:1824} INFO - Sync 2 DAGs
[2024-02-11 19:15:21,987] {logging_mixin.py:104} INFO - [2024-02-11 19:15:21,987] {dag.py:2280} INFO - Setting next_dagrun for example_xcom_args to None
[2024-02-11 19:15:21,988] {logging_mixin.py:104} INFO - [2024-02-11 19:15:21,988] {dag.py:2280} INFO - Setting next_dagrun for example_xcom_args_with_operators to None
[2024-02-11 19:15:21,999] {scheduler_job.py:190} INFO - Processing /usr/local/lib/python3.8/site-packages/airflow/example_dags/example_xcomargs.py took 0.061 seconds
[2024-02-11 19:15:52,163] {scheduler_job.py:182} INFO - Started process (PID=352) to work on /usr/local/lib/python3.8/site-packages/airflow/example_dags/example_xcomargs.py
[2024-02-11 19:15:52,164] {scheduler_job.py:629} INFO - Processing file /usr/local/lib/python3.8/site-packages/airflow/example_dags/example_xcomargs.py for tasks to queue
[2024-02-11 19:15:52,165] {logging_mixin.py:104} INFO - [2024-02-11 19:15:52,165] {dagbag.py:451} INFO - Filling up the DagBag from /usr/local/lib/python3.8/site-packages/airflow/example_dags/example_xcomargs.py
[2024-02-11 19:15:52,176] {scheduler_job.py:639} INFO - DAG(s) dict_keys(['example_xcom_args', 'example_xcom_args_with_operators']) retrieved from /usr/local/lib/python3.8/site-packages/airflow/example_dags/example_xcomargs.py
[2024-02-11 19:15:52,202] {logging_mixin.py:104} INFO - [2024-02-11 19:15:52,202] {dag.py:1824} INFO - Sync 2 DAGs
[2024-02-11 19:15:52,214] {logging_mixin.py:104} INFO - [2024-02-11 19:15:52,214] {dag.py:2280} INFO - Setting next_dagrun for example_xcom_args to None
[2024-02-11 19:15:52,215] {logging_mixin.py:104} INFO - [2024-02-11 19:15:52,215] {dag.py:2280} INFO - Setting next_dagrun for example_xcom_args_with_operators to None
[2024-02-11 19:15:52,227] {scheduler_job.py:190} INFO - Processing /usr/local/lib/python3.8/site-packages/airflow/example_dags/example_xcomargs.py took 0.066 seconds
[2024-02-11 19:16:22,495] {scheduler_job.py:182} INFO - Started process (PID=472) to work on /usr/local/lib/python3.8/site-packages/airflow/example_dags/example_xcomargs.py
[2024-02-11 19:16:22,496] {scheduler_job.py:629} INFO - Processing file /usr/local/lib/python3.8/site-packages/airflow/example_dags/example_xcomargs.py for tasks to queue
[2024-02-11 19:16:22,497] {logging_mixin.py:104} INFO - [2024-02-11 19:16:22,497] {dagbag.py:451} INFO - Filling up the DagBag from /usr/local/lib/python3.8/site-packages/airflow/example_dags/example_xcomargs.py
[2024-02-11 19:16:22,505] {scheduler_job.py:639} INFO - DAG(s) dict_keys(['example_xcom_args', 'example_xcom_args_with_operators']) retrieved from /usr/local/lib/python3.8/site-packages/airflow/example_dags/example_xcomargs.py
[2024-02-11 19:16:22,529] {logging_mixin.py:104} INFO - [2024-02-11 19:16:22,529] {dag.py:1824} INFO - Sync 2 DAGs
[2024-02-11 19:16:22,539] {logging_mixin.py:104} INFO - [2024-02-11 19:16:22,539] {dag.py:2280} INFO - Setting next_dagrun for example_xcom_args to None
[2024-02-11 19:16:22,540] {logging_mixin.py:104} INFO - [2024-02-11 19:16:22,540] {dag.py:2280} INFO - Setting next_dagrun for example_xcom_args_with_operators to None
[2024-02-11 19:16:22,551] {scheduler_job.py:190} INFO - Processing /usr/local/lib/python3.8/site-packages/airflow/example_dags/example_xcomargs.py took 0.059 seconds
[2024-02-11 19:16:53,068] {scheduler_job.py:182} INFO - Started process (PID=627) to work on /usr/local/lib/python3.8/site-packages/airflow/example_dags/example_xcomargs.py
[2024-02-11 19:16:53,070] {scheduler_job.py:629} INFO - Processing file /usr/local/lib/python3.8/site-packages/airflow/example_dags/example_xcomargs.py for tasks to queue
[2024-02-11 19:16:53,071] {logging_mixin.py:104} INFO - [2024-02-11 19:16:53,071] {dagbag.py:451} INFO - Filling up the DagBag from /usr/local/lib/python3.8/site-packages/airflow/example_dags/example_xcomargs.py
[2024-02-11 19:16:53,081] {scheduler_job.py:639} INFO - DAG(s) dict_keys(['example_xcom_args', 'example_xcom_args_with_operators']) retrieved from /usr/local/lib/python3.8/site-packages/airflow/example_dags/example_xcomargs.py
[2024-02-11 19:16:53,109] {logging_mixin.py:104} INFO - [2024-02-11 19:16:53,109] {dag.py:1824} INFO - Sync 2 DAGs
[2024-02-11 19:16:53,121] {logging_mixin.py:104} INFO - [2024-02-11 19:16:53,121] {dag.py:2280} INFO - Setting next_dagrun for example_xcom_args to None
[2024-02-11 19:16:53,123] {logging_mixin.py:104} INFO - [2024-02-11 19:16:53,123] {dag.py:2280} INFO - Setting next_dagrun for example_xcom_args_with_operators to None
[2024-02-11 19:16:53,137] {scheduler_job.py:190} INFO - Processing /usr/local/lib/python3.8/site-packages/airflow/example_dags/example_xcomargs.py took 0.070 seconds
[2024-02-11 19:19:41,776] {scheduler_job.py:182} INFO - Started process (PID=242) to work on /usr/local/lib/python3.8/site-packages/airflow/example_dags/example_xcomargs.py
[2024-02-11 19:19:41,777] {scheduler_job.py:629} INFO - Processing file /usr/local/lib/python3.8/site-packages/airflow/example_dags/example_xcomargs.py for tasks to queue
[2024-02-11 19:19:41,778] {logging_mixin.py:104} INFO - [2024-02-11 19:19:41,778] {dagbag.py:451} INFO - Filling up the DagBag from /usr/local/lib/python3.8/site-packages/airflow/example_dags/example_xcomargs.py
[2024-02-11 19:19:41,785] {scheduler_job.py:639} INFO - DAG(s) dict_keys(['example_xcom_args', 'example_xcom_args_with_operators']) retrieved from /usr/local/lib/python3.8/site-packages/airflow/example_dags/example_xcomargs.py
[2024-02-11 19:19:41,808] {logging_mixin.py:104} INFO - [2024-02-11 19:19:41,808] {dag.py:1824} INFO - Sync 2 DAGs
[2024-02-11 19:19:41,813] {logging_mixin.py:104} INFO - [2024-02-11 19:19:41,813] {dag.py:1843} INFO - Creating ORM DAG for example_xcom_args_with_operators
[2024-02-11 19:19:41,814] {logging_mixin.py:104} INFO - [2024-02-11 19:19:41,814] {dag.py:1843} INFO - Creating ORM DAG for example_xcom_args
[2024-02-11 19:19:41,820] {logging_mixin.py:104} INFO - [2024-02-11 19:19:41,820] {dag.py:2280} INFO - Setting next_dagrun for example_xcom_args to None
[2024-02-11 19:19:41,821] {logging_mixin.py:104} INFO - [2024-02-11 19:19:41,821] {dag.py:2280} INFO - Setting next_dagrun for example_xcom_args_with_operators to None
[2024-02-11 19:19:41,836] {scheduler_job.py:190} INFO - Processing /usr/local/lib/python3.8/site-packages/airflow/example_dags/example_xcomargs.py took 0.063 seconds
[2024-02-11 19:20:11,971] {scheduler_job.py:182} INFO - Started process (PID=361) to work on /usr/local/lib/python3.8/site-packages/airflow/example_dags/example_xcomargs.py
[2024-02-11 19:20:11,972] {scheduler_job.py:629} INFO - Processing file /usr/local/lib/python3.8/site-packages/airflow/example_dags/example_xcomargs.py for tasks to queue
[2024-02-11 19:20:11,973] {logging_mixin.py:104} INFO - [2024-02-11 19:20:11,973] {dagbag.py:451} INFO - Filling up the DagBag from /usr/local/lib/python3.8/site-packages/airflow/example_dags/example_xcomargs.py
[2024-02-11 19:20:11,981] {scheduler_job.py:639} INFO - DAG(s) dict_keys(['example_xcom_args', 'example_xcom_args_with_operators']) retrieved from /usr/local/lib/python3.8/site-packages/airflow/example_dags/example_xcomargs.py
[2024-02-11 19:20:12,010] {logging_mixin.py:104} INFO - [2024-02-11 19:20:12,010] {dag.py:1824} INFO - Sync 2 DAGs
[2024-02-11 19:20:12,024] {logging_mixin.py:104} INFO - [2024-02-11 19:20:12,024] {dag.py:2280} INFO - Setting next_dagrun for example_xcom_args to None
[2024-02-11 19:20:12,026] {logging_mixin.py:104} INFO - [2024-02-11 19:20:12,026] {dag.py:2280} INFO - Setting next_dagrun for example_xcom_args_with_operators to None
[2024-02-11 19:20:12,039] {scheduler_job.py:190} INFO - Processing /usr/local/lib/python3.8/site-packages/airflow/example_dags/example_xcomargs.py took 0.070 seconds
[2024-02-11 19:20:42,137] {scheduler_job.py:182} INFO - Started process (PID=497) to work on /usr/local/lib/python3.8/site-packages/airflow/example_dags/example_xcomargs.py
[2024-02-11 19:20:42,139] {scheduler_job.py:629} INFO - Processing file /usr/local/lib/python3.8/site-packages/airflow/example_dags/example_xcomargs.py for tasks to queue
[2024-02-11 19:20:42,140] {logging_mixin.py:104} INFO - [2024-02-11 19:20:42,140] {dagbag.py:451} INFO - Filling up the DagBag from /usr/local/lib/python3.8/site-packages/airflow/example_dags/example_xcomargs.py
[2024-02-11 19:20:42,148] {scheduler_job.py:639} INFO - DAG(s) dict_keys(['example_xcom_args', 'example_xcom_args_with_operators']) retrieved from /usr/local/lib/python3.8/site-packages/airflow/example_dags/example_xcomargs.py
[2024-02-11 19:20:42,174] {logging_mixin.py:104} INFO - [2024-02-11 19:20:42,174] {dag.py:1824} INFO - Sync 2 DAGs
[2024-02-11 19:20:42,187] {logging_mixin.py:104} INFO - [2024-02-11 19:20:42,187] {dag.py:2280} INFO - Setting next_dagrun for example_xcom_args to None
[2024-02-11 19:20:42,188] {logging_mixin.py:104} INFO - [2024-02-11 19:20:42,188] {dag.py:2280} INFO - Setting next_dagrun for example_xcom_args_with_operators to None
[2024-02-11 19:20:42,199] {scheduler_job.py:190} INFO - Processing /usr/local/lib/python3.8/site-packages/airflow/example_dags/example_xcomargs.py took 0.064 seconds
[2024-02-11 19:21:12,242] {scheduler_job.py:182} INFO - Started process (PID=614) to work on /usr/local/lib/python3.8/site-packages/airflow/example_dags/example_xcomargs.py
[2024-02-11 19:21:12,243] {scheduler_job.py:629} INFO - Processing file /usr/local/lib/python3.8/site-packages/airflow/example_dags/example_xcomargs.py for tasks to queue
[2024-02-11 19:21:12,244] {logging_mixin.py:104} INFO - [2024-02-11 19:21:12,244] {dagbag.py:451} INFO - Filling up the DagBag from /usr/local/lib/python3.8/site-packages/airflow/example_dags/example_xcomargs.py
[2024-02-11 19:21:12,252] {scheduler_job.py:639} INFO - DAG(s) dict_keys(['example_xcom_args', 'example_xcom_args_with_operators']) retrieved from /usr/local/lib/python3.8/site-packages/airflow/example_dags/example_xcomargs.py
[2024-02-11 19:21:12,277] {logging_mixin.py:104} INFO - [2024-02-11 19:21:12,277] {dag.py:1824} INFO - Sync 2 DAGs
[2024-02-11 19:21:12,288] {logging_mixin.py:104} INFO - [2024-02-11 19:21:12,288] {dag.py:2280} INFO - Setting next_dagrun for example_xcom_args to None
[2024-02-11 19:21:12,290] {logging_mixin.py:104} INFO - [2024-02-11 19:21:12,289] {dag.py:2280} INFO - Setting next_dagrun for example_xcom_args_with_operators to None
[2024-02-11 19:21:12,301] {scheduler_job.py:190} INFO - Processing /usr/local/lib/python3.8/site-packages/airflow/example_dags/example_xcomargs.py took 0.062 seconds
[2024-02-11 19:21:42,570] {scheduler_job.py:182} INFO - Started process (PID=757) to work on /usr/local/lib/python3.8/site-packages/airflow/example_dags/example_xcomargs.py
[2024-02-11 19:21:42,572] {scheduler_job.py:629} INFO - Processing file /usr/local/lib/python3.8/site-packages/airflow/example_dags/example_xcomargs.py for tasks to queue
[2024-02-11 19:21:42,573] {logging_mixin.py:104} INFO - [2024-02-11 19:21:42,573] {dagbag.py:451} INFO - Filling up the DagBag from /usr/local/lib/python3.8/site-packages/airflow/example_dags/example_xcomargs.py
[2024-02-11 19:21:42,586] {scheduler_job.py:639} INFO - DAG(s) dict_keys(['example_xcom_args', 'example_xcom_args_with_operators']) retrieved from /usr/local/lib/python3.8/site-packages/airflow/example_dags/example_xcomargs.py
[2024-02-11 19:21:42,612] {logging_mixin.py:104} INFO - [2024-02-11 19:21:42,612] {dag.py:1824} INFO - Sync 2 DAGs
[2024-02-11 19:21:42,623] {logging_mixin.py:104} INFO - [2024-02-11 19:21:42,623] {dag.py:2280} INFO - Setting next_dagrun for example_xcom_args to None
[2024-02-11 19:21:42,625] {logging_mixin.py:104} INFO - [2024-02-11 19:21:42,625] {dag.py:2280} INFO - Setting next_dagrun for example_xcom_args_with_operators to None
[2024-02-11 19:21:42,635] {scheduler_job.py:190} INFO - Processing /usr/local/lib/python3.8/site-packages/airflow/example_dags/example_xcomargs.py took 0.069 seconds
