[2024-02-11 19:14:52,360] {scheduler_job.py:182} INFO - Started process (PID=257) to work on /usr/local/lib/python3.8/site-packages/airflow/example_dags/example_subdag_operator.py
[2024-02-11 19:14:52,362] {scheduler_job.py:629} INFO - Processing file /usr/local/lib/python3.8/site-packages/airflow/example_dags/example_subdag_operator.py for tasks to queue
[2024-02-11 19:14:52,364] {logging_mixin.py:104} INFO - [2024-02-11 19:14:52,363] {dagbag.py:451} INFO - Filling up the DagBag from /usr/local/lib/python3.8/site-packages/airflow/example_dags/example_subdag_operator.py
[2024-02-11 19:14:52,388] {scheduler_job.py:639} INFO - DAG(s) dict_keys(['example_subdag_operator.section-1', 'example_subdag_operator.section-2', 'example_subdag_operator']) retrieved from /usr/local/lib/python3.8/site-packages/airflow/example_dags/example_subdag_operator.py
[2024-02-11 19:14:52,392] {logging_mixin.py:104} INFO - [2024-02-11 19:14:52,392] {dag.py:1824} INFO - Sync 3 DAGs
[2024-02-11 19:14:52,403] {logging_mixin.py:104} INFO - [2024-02-11 19:14:52,402] {dag.py:2280} INFO - Setting next_dagrun for example_subdag_operator to 2024-02-09 00:00:00+00:00
[2024-02-11 19:14:52,404] {logging_mixin.py:104} INFO - [2024-02-11 19:14:52,404] {dag.py:2280} INFO - Setting next_dagrun for example_subdag_operator.section-1 to None
[2024-02-11 19:14:52,404] {logging_mixin.py:104} INFO - [2024-02-11 19:14:52,404] {dag.py:2280} INFO - Setting next_dagrun for example_subdag_operator.section-2 to None
[2024-02-11 19:14:52,411] {logging_mixin.py:104} INFO - [2024-02-11 19:14:52,411] {dag.py:1824} INFO - Sync 2 DAGs
[2024-02-11 19:14:52,417] {logging_mixin.py:104} INFO - [2024-02-11 19:14:52,417] {dag.py:2280} INFO - Setting next_dagrun for example_subdag_operator.section-1 to None
[2024-02-11 19:14:52,418] {logging_mixin.py:104} INFO - [2024-02-11 19:14:52,418] {dag.py:2280} INFO - Setting next_dagrun for example_subdag_operator.section-2 to None
[2024-02-11 19:14:52,425] {scheduler_job.py:190} INFO - Processing /usr/local/lib/python3.8/site-packages/airflow/example_dags/example_subdag_operator.py took 0.068 seconds
[2024-02-11 19:15:22,202] {scheduler_job.py:182} INFO - Started process (PID=272) to work on /usr/local/lib/python3.8/site-packages/airflow/example_dags/example_subdag_operator.py
[2024-02-11 19:15:22,203] {scheduler_job.py:629} INFO - Processing file /usr/local/lib/python3.8/site-packages/airflow/example_dags/example_subdag_operator.py for tasks to queue
[2024-02-11 19:15:22,204] {logging_mixin.py:104} INFO - [2024-02-11 19:15:22,204] {dagbag.py:451} INFO - Filling up the DagBag from /usr/local/lib/python3.8/site-packages/airflow/example_dags/example_subdag_operator.py
[2024-02-11 19:15:22,235] {scheduler_job.py:639} INFO - DAG(s) dict_keys(['example_subdag_operator.section-1', 'example_subdag_operator.section-2', 'example_subdag_operator']) retrieved from /usr/local/lib/python3.8/site-packages/airflow/example_dags/example_subdag_operator.py
[2024-02-11 19:15:22,246] {logging_mixin.py:104} INFO - [2024-02-11 19:15:22,246] {dag.py:1824} INFO - Sync 3 DAGs
[2024-02-11 19:15:22,262] {logging_mixin.py:104} INFO - [2024-02-11 19:15:22,262] {dag.py:2280} INFO - Setting next_dagrun for example_subdag_operator to 2024-02-09 00:00:00+00:00
[2024-02-11 19:15:22,264] {logging_mixin.py:104} INFO - [2024-02-11 19:15:22,264] {dag.py:2280} INFO - Setting next_dagrun for example_subdag_operator.section-1 to None
[2024-02-11 19:15:22,265] {logging_mixin.py:104} INFO - [2024-02-11 19:15:22,265] {dag.py:2280} INFO - Setting next_dagrun for example_subdag_operator.section-2 to None
[2024-02-11 19:15:22,272] {logging_mixin.py:104} INFO - [2024-02-11 19:15:22,272] {dag.py:1824} INFO - Sync 2 DAGs
[2024-02-11 19:15:22,279] {logging_mixin.py:104} INFO - [2024-02-11 19:15:22,279] {dag.py:2280} INFO - Setting next_dagrun for example_subdag_operator.section-1 to None
[2024-02-11 19:15:22,279] {logging_mixin.py:104} INFO - [2024-02-11 19:15:22,279] {dag.py:2280} INFO - Setting next_dagrun for example_subdag_operator.section-2 to None
[2024-02-11 19:15:22,286] {scheduler_job.py:190} INFO - Processing /usr/local/lib/python3.8/site-packages/airflow/example_dags/example_subdag_operator.py took 0.086 seconds
[2024-02-11 19:15:52,710] {scheduler_job.py:182} INFO - Started process (PID=399) to work on /usr/local/lib/python3.8/site-packages/airflow/example_dags/example_subdag_operator.py
[2024-02-11 19:15:52,711] {scheduler_job.py:629} INFO - Processing file /usr/local/lib/python3.8/site-packages/airflow/example_dags/example_subdag_operator.py for tasks to queue
[2024-02-11 19:15:52,712] {logging_mixin.py:104} INFO - [2024-02-11 19:15:52,712] {dagbag.py:451} INFO - Filling up the DagBag from /usr/local/lib/python3.8/site-packages/airflow/example_dags/example_subdag_operator.py
[2024-02-11 19:15:52,743] {scheduler_job.py:639} INFO - DAG(s) dict_keys(['example_subdag_operator.section-1', 'example_subdag_operator.section-2', 'example_subdag_operator']) retrieved from /usr/local/lib/python3.8/site-packages/airflow/example_dags/example_subdag_operator.py
[2024-02-11 19:15:52,755] {logging_mixin.py:104} INFO - [2024-02-11 19:15:52,755] {dag.py:1824} INFO - Sync 3 DAGs
[2024-02-11 19:15:52,767] {logging_mixin.py:104} INFO - [2024-02-11 19:15:52,767] {dag.py:2280} INFO - Setting next_dagrun for example_subdag_operator to 2024-02-09 00:00:00+00:00
[2024-02-11 19:15:52,769] {logging_mixin.py:104} INFO - [2024-02-11 19:15:52,768] {dag.py:2280} INFO - Setting next_dagrun for example_subdag_operator.section-1 to None
[2024-02-11 19:15:52,769] {logging_mixin.py:104} INFO - [2024-02-11 19:15:52,769] {dag.py:2280} INFO - Setting next_dagrun for example_subdag_operator.section-2 to None
[2024-02-11 19:15:52,777] {logging_mixin.py:104} INFO - [2024-02-11 19:15:52,777] {dag.py:1824} INFO - Sync 2 DAGs
[2024-02-11 19:15:52,784] {logging_mixin.py:104} INFO - [2024-02-11 19:15:52,783] {dag.py:2280} INFO - Setting next_dagrun for example_subdag_operator.section-1 to None
[2024-02-11 19:15:52,784] {logging_mixin.py:104} INFO - [2024-02-11 19:15:52,784] {dag.py:2280} INFO - Setting next_dagrun for example_subdag_operator.section-2 to None
[2024-02-11 19:15:52,793] {scheduler_job.py:190} INFO - Processing /usr/local/lib/python3.8/site-packages/airflow/example_dags/example_subdag_operator.py took 0.085 seconds
[2024-02-11 19:16:23,040] {scheduler_job.py:182} INFO - Started process (PID=526) to work on /usr/local/lib/python3.8/site-packages/airflow/example_dags/example_subdag_operator.py
[2024-02-11 19:16:23,042] {scheduler_job.py:629} INFO - Processing file /usr/local/lib/python3.8/site-packages/airflow/example_dags/example_subdag_operator.py for tasks to queue
[2024-02-11 19:16:23,042] {logging_mixin.py:104} INFO - [2024-02-11 19:16:23,042] {dagbag.py:451} INFO - Filling up the DagBag from /usr/local/lib/python3.8/site-packages/airflow/example_dags/example_subdag_operator.py
[2024-02-11 19:16:23,066] {scheduler_job.py:639} INFO - DAG(s) dict_keys(['example_subdag_operator.section-1', 'example_subdag_operator.section-2', 'example_subdag_operator']) retrieved from /usr/local/lib/python3.8/site-packages/airflow/example_dags/example_subdag_operator.py
[2024-02-11 19:16:23,074] {logging_mixin.py:104} INFO - [2024-02-11 19:16:23,074] {dag.py:1824} INFO - Sync 3 DAGs
[2024-02-11 19:16:23,085] {logging_mixin.py:104} INFO - [2024-02-11 19:16:23,085] {dag.py:2280} INFO - Setting next_dagrun for example_subdag_operator to 2024-02-09 00:00:00+00:00
[2024-02-11 19:16:23,086] {logging_mixin.py:104} INFO - [2024-02-11 19:16:23,086] {dag.py:2280} INFO - Setting next_dagrun for example_subdag_operator.section-1 to None
[2024-02-11 19:16:23,087] {logging_mixin.py:104} INFO - [2024-02-11 19:16:23,087] {dag.py:2280} INFO - Setting next_dagrun for example_subdag_operator.section-2 to None
[2024-02-11 19:16:23,094] {logging_mixin.py:104} INFO - [2024-02-11 19:16:23,094] {dag.py:1824} INFO - Sync 2 DAGs
[2024-02-11 19:16:23,099] {logging_mixin.py:104} INFO - [2024-02-11 19:16:23,099] {dag.py:2280} INFO - Setting next_dagrun for example_subdag_operator.section-1 to None
[2024-02-11 19:16:23,100] {logging_mixin.py:104} INFO - [2024-02-11 19:16:23,100] {dag.py:2280} INFO - Setting next_dagrun for example_subdag_operator.section-2 to None
[2024-02-11 19:16:23,107] {scheduler_job.py:190} INFO - Processing /usr/local/lib/python3.8/site-packages/airflow/example_dags/example_subdag_operator.py took 0.069 seconds
[2024-02-11 19:16:53,318] {scheduler_job.py:182} INFO - Started process (PID=657) to work on /usr/local/lib/python3.8/site-packages/airflow/example_dags/example_subdag_operator.py
[2024-02-11 19:16:53,319] {scheduler_job.py:629} INFO - Processing file /usr/local/lib/python3.8/site-packages/airflow/example_dags/example_subdag_operator.py for tasks to queue
[2024-02-11 19:16:53,320] {logging_mixin.py:104} INFO - [2024-02-11 19:16:53,320] {dagbag.py:451} INFO - Filling up the DagBag from /usr/local/lib/python3.8/site-packages/airflow/example_dags/example_subdag_operator.py
[2024-02-11 19:16:53,348] {scheduler_job.py:639} INFO - DAG(s) dict_keys(['example_subdag_operator.section-1', 'example_subdag_operator.section-2', 'example_subdag_operator']) retrieved from /usr/local/lib/python3.8/site-packages/airflow/example_dags/example_subdag_operator.py
[2024-02-11 19:16:53,357] {logging_mixin.py:104} INFO - [2024-02-11 19:16:53,357] {dag.py:1824} INFO - Sync 3 DAGs
[2024-02-11 19:16:53,369] {logging_mixin.py:104} INFO - [2024-02-11 19:16:53,369] {dag.py:2280} INFO - Setting next_dagrun for example_subdag_operator to 2024-02-09 00:00:00+00:00
[2024-02-11 19:16:53,370] {logging_mixin.py:104} INFO - [2024-02-11 19:16:53,370] {dag.py:2280} INFO - Setting next_dagrun for example_subdag_operator.section-1 to None
[2024-02-11 19:16:53,371] {logging_mixin.py:104} INFO - [2024-02-11 19:16:53,371] {dag.py:2280} INFO - Setting next_dagrun for example_subdag_operator.section-2 to None
[2024-02-11 19:16:53,379] {logging_mixin.py:104} INFO - [2024-02-11 19:16:53,379] {dag.py:1824} INFO - Sync 2 DAGs
[2024-02-11 19:16:53,386] {logging_mixin.py:104} INFO - [2024-02-11 19:16:53,386] {dag.py:2280} INFO - Setting next_dagrun for example_subdag_operator.section-1 to None
[2024-02-11 19:16:53,387] {logging_mixin.py:104} INFO - [2024-02-11 19:16:53,387] {dag.py:2280} INFO - Setting next_dagrun for example_subdag_operator.section-2 to None
[2024-02-11 19:16:53,394] {scheduler_job.py:190} INFO - Processing /usr/local/lib/python3.8/site-packages/airflow/example_dags/example_subdag_operator.py took 0.078 seconds
[2024-02-11 19:19:41,402] {scheduler_job.py:182} INFO - Started process (PID=193) to work on /usr/local/lib/python3.8/site-packages/airflow/example_dags/example_subdag_operator.py
[2024-02-11 19:19:41,403] {scheduler_job.py:629} INFO - Processing file /usr/local/lib/python3.8/site-packages/airflow/example_dags/example_subdag_operator.py for tasks to queue
[2024-02-11 19:19:41,404] {logging_mixin.py:104} INFO - [2024-02-11 19:19:41,404] {dagbag.py:451} INFO - Filling up the DagBag from /usr/local/lib/python3.8/site-packages/airflow/example_dags/example_subdag_operator.py
[2024-02-11 19:19:41,428] {scheduler_job.py:639} INFO - DAG(s) dict_keys(['example_subdag_operator.section-1', 'example_subdag_operator.section-2', 'example_subdag_operator']) retrieved from /usr/local/lib/python3.8/site-packages/airflow/example_dags/example_subdag_operator.py
[2024-02-11 19:19:41,439] {logging_mixin.py:104} INFO - [2024-02-11 19:19:41,439] {dag.py:1824} INFO - Sync 3 DAGs
[2024-02-11 19:19:41,446] {logging_mixin.py:104} INFO - [2024-02-11 19:19:41,446] {dag.py:1843} INFO - Creating ORM DAG for example_subdag_operator
[2024-02-11 19:19:41,447] {logging_mixin.py:104} INFO - [2024-02-11 19:19:41,447] {dag.py:1843} INFO - Creating ORM DAG for example_subdag_operator.section-2
[2024-02-11 19:19:41,448] {logging_mixin.py:104} INFO - [2024-02-11 19:19:41,448] {dag.py:1843} INFO - Creating ORM DAG for example_subdag_operator.section-1
[2024-02-11 19:19:41,453] {logging_mixin.py:104} INFO - [2024-02-11 19:19:41,453] {dag.py:2280} INFO - Setting next_dagrun for example_subdag_operator to 2024-02-09 00:00:00+00:00
[2024-02-11 19:19:41,454] {logging_mixin.py:104} INFO - [2024-02-11 19:19:41,454] {dag.py:2280} INFO - Setting next_dagrun for example_subdag_operator.section-1 to None
[2024-02-11 19:19:41,454] {logging_mixin.py:104} INFO - [2024-02-11 19:19:41,454] {dag.py:2280} INFO - Setting next_dagrun for example_subdag_operator.section-2 to None
[2024-02-11 19:19:41,465] {logging_mixin.py:104} INFO - [2024-02-11 19:19:41,465] {dag.py:1824} INFO - Sync 2 DAGs
[2024-02-11 19:19:41,472] {logging_mixin.py:104} INFO - [2024-02-11 19:19:41,471] {dag.py:2280} INFO - Setting next_dagrun for example_subdag_operator.section-1 to None
[2024-02-11 19:19:41,472] {logging_mixin.py:104} INFO - [2024-02-11 19:19:41,472] {dag.py:2280} INFO - Setting next_dagrun for example_subdag_operator.section-2 to None
[2024-02-11 19:19:41,479] {scheduler_job.py:190} INFO - Processing /usr/local/lib/python3.8/site-packages/airflow/example_dags/example_subdag_operator.py took 0.079 seconds
[2024-02-11 19:20:11,531] {scheduler_job.py:182} INFO - Started process (PID=324) to work on /usr/local/lib/python3.8/site-packages/airflow/example_dags/example_subdag_operator.py
[2024-02-11 19:20:11,532] {scheduler_job.py:629} INFO - Processing file /usr/local/lib/python3.8/site-packages/airflow/example_dags/example_subdag_operator.py for tasks to queue
[2024-02-11 19:20:11,533] {logging_mixin.py:104} INFO - [2024-02-11 19:20:11,533] {dagbag.py:451} INFO - Filling up the DagBag from /usr/local/lib/python3.8/site-packages/airflow/example_dags/example_subdag_operator.py
[2024-02-11 19:20:11,557] {scheduler_job.py:639} INFO - DAG(s) dict_keys(['example_subdag_operator.section-1', 'example_subdag_operator.section-2', 'example_subdag_operator']) retrieved from /usr/local/lib/python3.8/site-packages/airflow/example_dags/example_subdag_operator.py
[2024-02-11 19:20:11,566] {logging_mixin.py:104} INFO - [2024-02-11 19:20:11,566] {dag.py:1824} INFO - Sync 3 DAGs
[2024-02-11 19:20:11,579] {logging_mixin.py:104} INFO - [2024-02-11 19:20:11,579] {dag.py:2280} INFO - Setting next_dagrun for example_subdag_operator to 2024-02-09 00:00:00+00:00
[2024-02-11 19:20:11,580] {logging_mixin.py:104} INFO - [2024-02-11 19:20:11,580] {dag.py:2280} INFO - Setting next_dagrun for example_subdag_operator.section-1 to None
[2024-02-11 19:20:11,581] {logging_mixin.py:104} INFO - [2024-02-11 19:20:11,581] {dag.py:2280} INFO - Setting next_dagrun for example_subdag_operator.section-2 to None
[2024-02-11 19:20:11,589] {logging_mixin.py:104} INFO - [2024-02-11 19:20:11,589] {dag.py:1824} INFO - Sync 2 DAGs
[2024-02-11 19:20:11,595] {logging_mixin.py:104} INFO - [2024-02-11 19:20:11,595] {dag.py:2280} INFO - Setting next_dagrun for example_subdag_operator.section-1 to None
[2024-02-11 19:20:11,596] {logging_mixin.py:104} INFO - [2024-02-11 19:20:11,596] {dag.py:2280} INFO - Setting next_dagrun for example_subdag_operator.section-2 to None
[2024-02-11 19:20:11,602] {scheduler_job.py:190} INFO - Processing /usr/local/lib/python3.8/site-packages/airflow/example_dags/example_subdag_operator.py took 0.074 seconds
[2024-02-11 19:20:41,797] {scheduler_job.py:182} INFO - Started process (PID=452) to work on /usr/local/lib/python3.8/site-packages/airflow/example_dags/example_subdag_operator.py
[2024-02-11 19:20:41,799] {scheduler_job.py:629} INFO - Processing file /usr/local/lib/python3.8/site-packages/airflow/example_dags/example_subdag_operator.py for tasks to queue
[2024-02-11 19:20:41,799] {logging_mixin.py:104} INFO - [2024-02-11 19:20:41,799] {dagbag.py:451} INFO - Filling up the DagBag from /usr/local/lib/python3.8/site-packages/airflow/example_dags/example_subdag_operator.py
[2024-02-11 19:20:41,826] {scheduler_job.py:639} INFO - DAG(s) dict_keys(['example_subdag_operator.section-1', 'example_subdag_operator.section-2', 'example_subdag_operator']) retrieved from /usr/local/lib/python3.8/site-packages/airflow/example_dags/example_subdag_operator.py
[2024-02-11 19:20:41,835] {logging_mixin.py:104} INFO - [2024-02-11 19:20:41,835] {dag.py:1824} INFO - Sync 3 DAGs
[2024-02-11 19:20:41,847] {logging_mixin.py:104} INFO - [2024-02-11 19:20:41,847] {dag.py:2280} INFO - Setting next_dagrun for example_subdag_operator to 2024-02-09 00:00:00+00:00
[2024-02-11 19:20:41,848] {logging_mixin.py:104} INFO - [2024-02-11 19:20:41,848] {dag.py:2280} INFO - Setting next_dagrun for example_subdag_operator.section-1 to None
[2024-02-11 19:20:41,849] {logging_mixin.py:104} INFO - [2024-02-11 19:20:41,849] {dag.py:2280} INFO - Setting next_dagrun for example_subdag_operator.section-2 to None
[2024-02-11 19:20:41,859] {logging_mixin.py:104} INFO - [2024-02-11 19:20:41,859] {dag.py:1824} INFO - Sync 2 DAGs
[2024-02-11 19:20:41,865] {logging_mixin.py:104} INFO - [2024-02-11 19:20:41,865] {dag.py:2280} INFO - Setting next_dagrun for example_subdag_operator.section-1 to None
[2024-02-11 19:20:41,866] {logging_mixin.py:104} INFO - [2024-02-11 19:20:41,865] {dag.py:2280} INFO - Setting next_dagrun for example_subdag_operator.section-2 to None
[2024-02-11 19:20:41,872] {scheduler_job.py:190} INFO - Processing /usr/local/lib/python3.8/site-packages/airflow/example_dags/example_subdag_operator.py took 0.077 seconds
[2024-02-11 19:21:11,962] {scheduler_job.py:182} INFO - Started process (PID=587) to work on /usr/local/lib/python3.8/site-packages/airflow/example_dags/example_subdag_operator.py
[2024-02-11 19:21:11,963] {scheduler_job.py:629} INFO - Processing file /usr/local/lib/python3.8/site-packages/airflow/example_dags/example_subdag_operator.py for tasks to queue
[2024-02-11 19:21:11,964] {logging_mixin.py:104} INFO - [2024-02-11 19:21:11,964] {dagbag.py:451} INFO - Filling up the DagBag from /usr/local/lib/python3.8/site-packages/airflow/example_dags/example_subdag_operator.py
[2024-02-11 19:21:11,992] {scheduler_job.py:639} INFO - DAG(s) dict_keys(['example_subdag_operator.section-1', 'example_subdag_operator.section-2', 'example_subdag_operator']) retrieved from /usr/local/lib/python3.8/site-packages/airflow/example_dags/example_subdag_operator.py
[2024-02-11 19:21:12,000] {logging_mixin.py:104} INFO - [2024-02-11 19:21:12,000] {dag.py:1824} INFO - Sync 3 DAGs
[2024-02-11 19:21:12,014] {logging_mixin.py:104} INFO - [2024-02-11 19:21:12,014] {dag.py:2280} INFO - Setting next_dagrun for example_subdag_operator to 2024-02-09 00:00:00+00:00
[2024-02-11 19:21:12,015] {logging_mixin.py:104} INFO - [2024-02-11 19:21:12,015] {dag.py:2280} INFO - Setting next_dagrun for example_subdag_operator.section-1 to None
[2024-02-11 19:21:12,016] {logging_mixin.py:104} INFO - [2024-02-11 19:21:12,015] {dag.py:2280} INFO - Setting next_dagrun for example_subdag_operator.section-2 to None
[2024-02-11 19:21:12,024] {logging_mixin.py:104} INFO - [2024-02-11 19:21:12,024] {dag.py:1824} INFO - Sync 2 DAGs
[2024-02-11 19:21:12,030] {logging_mixin.py:104} INFO - [2024-02-11 19:21:12,030] {dag.py:2280} INFO - Setting next_dagrun for example_subdag_operator.section-1 to None
[2024-02-11 19:21:12,030] {logging_mixin.py:104} INFO - [2024-02-11 19:21:12,030] {dag.py:2280} INFO - Setting next_dagrun for example_subdag_operator.section-2 to None
[2024-02-11 19:21:12,039] {scheduler_job.py:190} INFO - Processing /usr/local/lib/python3.8/site-packages/airflow/example_dags/example_subdag_operator.py took 0.079 seconds
[2024-02-11 19:21:42,253] {scheduler_job.py:182} INFO - Started process (PID=716) to work on /usr/local/lib/python3.8/site-packages/airflow/example_dags/example_subdag_operator.py
[2024-02-11 19:21:42,254] {scheduler_job.py:629} INFO - Processing file /usr/local/lib/python3.8/site-packages/airflow/example_dags/example_subdag_operator.py for tasks to queue
[2024-02-11 19:21:42,255] {logging_mixin.py:104} INFO - [2024-02-11 19:21:42,255] {dagbag.py:451} INFO - Filling up the DagBag from /usr/local/lib/python3.8/site-packages/airflow/example_dags/example_subdag_operator.py
[2024-02-11 19:21:42,280] {scheduler_job.py:639} INFO - DAG(s) dict_keys(['example_subdag_operator.section-1', 'example_subdag_operator.section-2', 'example_subdag_operator']) retrieved from /usr/local/lib/python3.8/site-packages/airflow/example_dags/example_subdag_operator.py
[2024-02-11 19:21:42,288] {logging_mixin.py:104} INFO - [2024-02-11 19:21:42,288] {dag.py:1824} INFO - Sync 3 DAGs
[2024-02-11 19:21:42,299] {logging_mixin.py:104} INFO - [2024-02-11 19:21:42,299] {dag.py:2280} INFO - Setting next_dagrun for example_subdag_operator to 2024-02-09 00:00:00+00:00
[2024-02-11 19:21:42,300] {logging_mixin.py:104} INFO - [2024-02-11 19:21:42,300] {dag.py:2280} INFO - Setting next_dagrun for example_subdag_operator.section-1 to None
[2024-02-11 19:21:42,301] {logging_mixin.py:104} INFO - [2024-02-11 19:21:42,301] {dag.py:2280} INFO - Setting next_dagrun for example_subdag_operator.section-2 to None
[2024-02-11 19:21:42,308] {logging_mixin.py:104} INFO - [2024-02-11 19:21:42,307] {dag.py:1824} INFO - Sync 2 DAGs
[2024-02-11 19:21:42,313] {logging_mixin.py:104} INFO - [2024-02-11 19:21:42,313] {dag.py:2280} INFO - Setting next_dagrun for example_subdag_operator.section-1 to None
[2024-02-11 19:21:42,314] {logging_mixin.py:104} INFO - [2024-02-11 19:21:42,314] {dag.py:2280} INFO - Setting next_dagrun for example_subdag_operator.section-2 to None
[2024-02-11 19:21:42,320] {scheduler_job.py:190} INFO - Processing /usr/local/lib/python3.8/site-packages/airflow/example_dags/example_subdag_operator.py took 0.069 seconds
