[2024-02-11 19:14:52,451] {scheduler_job.py:182} INFO - Started process (PID=267) to work on /usr/local/lib/python3.8/site-packages/airflow/example_dags/example_kubernetes_executor.py
[2024-02-11 19:14:52,452] {scheduler_job.py:629} INFO - Processing file /usr/local/lib/python3.8/site-packages/airflow/example_dags/example_kubernetes_executor.py for tasks to queue
[2024-02-11 19:14:52,453] {logging_mixin.py:104} INFO - [2024-02-11 19:14:52,453] {dagbag.py:451} INFO - Filling up the DagBag from /usr/local/lib/python3.8/site-packages/airflow/example_dags/example_kubernetes_executor.py
[2024-02-11 19:14:52,461] {scheduler_job.py:639} INFO - DAG(s) dict_keys(['example_kubernetes_executor']) retrieved from /usr/local/lib/python3.8/site-packages/airflow/example_dags/example_kubernetes_executor.py
[2024-02-11 19:14:52,476] {logging_mixin.py:104} INFO - [2024-02-11 19:14:52,476] {dag.py:1824} INFO - Sync 1 DAGs
[2024-02-11 19:14:52,488] {logging_mixin.py:104} INFO - [2024-02-11 19:14:52,488] {dag.py:2280} INFO - Setting next_dagrun for example_kubernetes_executor to None
[2024-02-11 19:14:52,498] {scheduler_job.py:190} INFO - Processing /usr/local/lib/python3.8/site-packages/airflow/example_dags/example_kubernetes_executor.py took 0.049 seconds
[2024-02-11 19:15:21,239] {scheduler_job.py:182} INFO - Started process (PID=157) to work on /usr/local/lib/python3.8/site-packages/airflow/example_dags/example_kubernetes_executor.py
[2024-02-11 19:15:21,241] {scheduler_job.py:629} INFO - Processing file /usr/local/lib/python3.8/site-packages/airflow/example_dags/example_kubernetes_executor.py for tasks to queue
[2024-02-11 19:15:21,241] {logging_mixin.py:104} INFO - [2024-02-11 19:15:21,241] {dagbag.py:451} INFO - Filling up the DagBag from /usr/local/lib/python3.8/site-packages/airflow/example_dags/example_kubernetes_executor.py
[2024-02-11 19:15:21,249] {scheduler_job.py:639} INFO - DAG(s) dict_keys(['example_kubernetes_executor']) retrieved from /usr/local/lib/python3.8/site-packages/airflow/example_dags/example_kubernetes_executor.py
[2024-02-11 19:15:21,272] {logging_mixin.py:104} INFO - [2024-02-11 19:15:21,271] {dag.py:1824} INFO - Sync 1 DAGs
[2024-02-11 19:15:21,282] {logging_mixin.py:104} INFO - [2024-02-11 19:15:21,282] {dag.py:2280} INFO - Setting next_dagrun for example_kubernetes_executor to None
[2024-02-11 19:15:21,293] {scheduler_job.py:190} INFO - Processing /usr/local/lib/python3.8/site-packages/airflow/example_dags/example_kubernetes_executor.py took 0.056 seconds
[2024-02-11 19:15:51,614] {scheduler_job.py:182} INFO - Started process (PID=294) to work on /usr/local/lib/python3.8/site-packages/airflow/example_dags/example_kubernetes_executor.py
[2024-02-11 19:15:51,616] {scheduler_job.py:629} INFO - Processing file /usr/local/lib/python3.8/site-packages/airflow/example_dags/example_kubernetes_executor.py for tasks to queue
[2024-02-11 19:15:51,617] {logging_mixin.py:104} INFO - [2024-02-11 19:15:51,617] {dagbag.py:451} INFO - Filling up the DagBag from /usr/local/lib/python3.8/site-packages/airflow/example_dags/example_kubernetes_executor.py
[2024-02-11 19:15:51,623] {scheduler_job.py:639} INFO - DAG(s) dict_keys(['example_kubernetes_executor']) retrieved from /usr/local/lib/python3.8/site-packages/airflow/example_dags/example_kubernetes_executor.py
[2024-02-11 19:15:51,646] {logging_mixin.py:104} INFO - [2024-02-11 19:15:51,646] {dag.py:1824} INFO - Sync 1 DAGs
[2024-02-11 19:15:51,656] {logging_mixin.py:104} INFO - [2024-02-11 19:15:51,656] {dag.py:2280} INFO - Setting next_dagrun for example_kubernetes_executor to None
[2024-02-11 19:15:51,668] {scheduler_job.py:190} INFO - Processing /usr/local/lib/python3.8/site-packages/airflow/example_dags/example_kubernetes_executor.py took 0.056 seconds
[2024-02-11 19:16:21,986] {scheduler_job.py:182} INFO - Started process (PID=422) to work on /usr/local/lib/python3.8/site-packages/airflow/example_dags/example_kubernetes_executor.py
[2024-02-11 19:16:21,987] {scheduler_job.py:629} INFO - Processing file /usr/local/lib/python3.8/site-packages/airflow/example_dags/example_kubernetes_executor.py for tasks to queue
[2024-02-11 19:16:21,988] {logging_mixin.py:104} INFO - [2024-02-11 19:16:21,988] {dagbag.py:451} INFO - Filling up the DagBag from /usr/local/lib/python3.8/site-packages/airflow/example_dags/example_kubernetes_executor.py
[2024-02-11 19:16:22,000] {scheduler_job.py:639} INFO - DAG(s) dict_keys(['example_kubernetes_executor']) retrieved from /usr/local/lib/python3.8/site-packages/airflow/example_dags/example_kubernetes_executor.py
[2024-02-11 19:16:22,023] {logging_mixin.py:104} INFO - [2024-02-11 19:16:22,022] {dag.py:1824} INFO - Sync 1 DAGs
[2024-02-11 19:16:22,036] {logging_mixin.py:104} INFO - [2024-02-11 19:16:22,036] {dag.py:2280} INFO - Setting next_dagrun for example_kubernetes_executor to None
[2024-02-11 19:16:22,051] {scheduler_job.py:190} INFO - Processing /usr/local/lib/python3.8/site-packages/airflow/example_dags/example_kubernetes_executor.py took 0.067 seconds
[2024-02-11 19:16:52,529] {scheduler_job.py:182} INFO - Started process (PID=562) to work on /usr/local/lib/python3.8/site-packages/airflow/example_dags/example_kubernetes_executor.py
[2024-02-11 19:16:52,530] {scheduler_job.py:629} INFO - Processing file /usr/local/lib/python3.8/site-packages/airflow/example_dags/example_kubernetes_executor.py for tasks to queue
[2024-02-11 19:16:52,531] {logging_mixin.py:104} INFO - [2024-02-11 19:16:52,530] {dagbag.py:451} INFO - Filling up the DagBag from /usr/local/lib/python3.8/site-packages/airflow/example_dags/example_kubernetes_executor.py
[2024-02-11 19:16:52,538] {scheduler_job.py:639} INFO - DAG(s) dict_keys(['example_kubernetes_executor']) retrieved from /usr/local/lib/python3.8/site-packages/airflow/example_dags/example_kubernetes_executor.py
[2024-02-11 19:16:52,558] {logging_mixin.py:104} INFO - [2024-02-11 19:16:52,558] {dag.py:1824} INFO - Sync 1 DAGs
[2024-02-11 19:16:52,571] {logging_mixin.py:104} INFO - [2024-02-11 19:16:52,571] {dag.py:2280} INFO - Setting next_dagrun for example_kubernetes_executor to None
[2024-02-11 19:16:52,584] {scheduler_job.py:190} INFO - Processing /usr/local/lib/python3.8/site-packages/airflow/example_dags/example_kubernetes_executor.py took 0.058 seconds
[2024-02-11 19:19:41,641] {scheduler_job.py:182} INFO - Started process (PID=222) to work on /usr/local/lib/python3.8/site-packages/airflow/example_dags/example_kubernetes_executor.py
[2024-02-11 19:19:41,642] {scheduler_job.py:629} INFO - Processing file /usr/local/lib/python3.8/site-packages/airflow/example_dags/example_kubernetes_executor.py for tasks to queue
[2024-02-11 19:19:41,643] {logging_mixin.py:104} INFO - [2024-02-11 19:19:41,643] {dagbag.py:451} INFO - Filling up the DagBag from /usr/local/lib/python3.8/site-packages/airflow/example_dags/example_kubernetes_executor.py
[2024-02-11 19:19:41,649] {scheduler_job.py:639} INFO - DAG(s) dict_keys(['example_kubernetes_executor']) retrieved from /usr/local/lib/python3.8/site-packages/airflow/example_dags/example_kubernetes_executor.py
[2024-02-11 19:19:41,668] {logging_mixin.py:104} INFO - [2024-02-11 19:19:41,668] {dag.py:1824} INFO - Sync 1 DAGs
[2024-02-11 19:19:41,675] {logging_mixin.py:104} INFO - [2024-02-11 19:19:41,674] {dag.py:1843} INFO - Creating ORM DAG for example_kubernetes_executor
[2024-02-11 19:19:41,679] {logging_mixin.py:104} INFO - [2024-02-11 19:19:41,679] {dag.py:2280} INFO - Setting next_dagrun for example_kubernetes_executor to None
[2024-02-11 19:19:41,691] {scheduler_job.py:190} INFO - Processing /usr/local/lib/python3.8/site-packages/airflow/example_dags/example_kubernetes_executor.py took 0.052 seconds
[2024-02-11 19:20:12,060] {scheduler_job.py:182} INFO - Started process (PID=372) to work on /usr/local/lib/python3.8/site-packages/airflow/example_dags/example_kubernetes_executor.py
[2024-02-11 19:20:12,062] {scheduler_job.py:629} INFO - Processing file /usr/local/lib/python3.8/site-packages/airflow/example_dags/example_kubernetes_executor.py for tasks to queue
[2024-02-11 19:20:12,063] {logging_mixin.py:104} INFO - [2024-02-11 19:20:12,063] {dagbag.py:451} INFO - Filling up the DagBag from /usr/local/lib/python3.8/site-packages/airflow/example_dags/example_kubernetes_executor.py
[2024-02-11 19:20:12,070] {scheduler_job.py:639} INFO - DAG(s) dict_keys(['example_kubernetes_executor']) retrieved from /usr/local/lib/python3.8/site-packages/airflow/example_dags/example_kubernetes_executor.py
[2024-02-11 19:20:12,091] {logging_mixin.py:104} INFO - [2024-02-11 19:20:12,091] {dag.py:1824} INFO - Sync 1 DAGs
[2024-02-11 19:20:12,103] {logging_mixin.py:104} INFO - [2024-02-11 19:20:12,102] {dag.py:2280} INFO - Setting next_dagrun for example_kubernetes_executor to None
[2024-02-11 19:20:12,113] {scheduler_job.py:190} INFO - Processing /usr/local/lib/python3.8/site-packages/airflow/example_dags/example_kubernetes_executor.py took 0.055 seconds
[2024-02-11 19:20:42,202] {scheduler_job.py:182} INFO - Started process (PID=502) to work on /usr/local/lib/python3.8/site-packages/airflow/example_dags/example_kubernetes_executor.py
[2024-02-11 19:20:42,204] {scheduler_job.py:629} INFO - Processing file /usr/local/lib/python3.8/site-packages/airflow/example_dags/example_kubernetes_executor.py for tasks to queue
[2024-02-11 19:20:42,205] {logging_mixin.py:104} INFO - [2024-02-11 19:20:42,205] {dagbag.py:451} INFO - Filling up the DagBag from /usr/local/lib/python3.8/site-packages/airflow/example_dags/example_kubernetes_executor.py
[2024-02-11 19:20:42,212] {scheduler_job.py:639} INFO - DAG(s) dict_keys(['example_kubernetes_executor']) retrieved from /usr/local/lib/python3.8/site-packages/airflow/example_dags/example_kubernetes_executor.py
[2024-02-11 19:20:42,233] {logging_mixin.py:104} INFO - [2024-02-11 19:20:42,233] {dag.py:1824} INFO - Sync 1 DAGs
[2024-02-11 19:20:42,245] {logging_mixin.py:104} INFO - [2024-02-11 19:20:42,245] {dag.py:2280} INFO - Setting next_dagrun for example_kubernetes_executor to None
[2024-02-11 19:20:42,254] {scheduler_job.py:190} INFO - Processing /usr/local/lib/python3.8/site-packages/airflow/example_dags/example_kubernetes_executor.py took 0.055 seconds
[2024-02-11 19:21:12,398] {scheduler_job.py:182} INFO - Started process (PID=637) to work on /usr/local/lib/python3.8/site-packages/airflow/example_dags/example_kubernetes_executor.py
[2024-02-11 19:21:12,400] {scheduler_job.py:629} INFO - Processing file /usr/local/lib/python3.8/site-packages/airflow/example_dags/example_kubernetes_executor.py for tasks to queue
[2024-02-11 19:21:12,401] {logging_mixin.py:104} INFO - [2024-02-11 19:21:12,401] {dagbag.py:451} INFO - Filling up the DagBag from /usr/local/lib/python3.8/site-packages/airflow/example_dags/example_kubernetes_executor.py
[2024-02-11 19:21:12,410] {scheduler_job.py:639} INFO - DAG(s) dict_keys(['example_kubernetes_executor']) retrieved from /usr/local/lib/python3.8/site-packages/airflow/example_dags/example_kubernetes_executor.py
[2024-02-11 19:21:12,432] {logging_mixin.py:104} INFO - [2024-02-11 19:21:12,432] {dag.py:1824} INFO - Sync 1 DAGs
[2024-02-11 19:21:12,445] {logging_mixin.py:104} INFO - [2024-02-11 19:21:12,445] {dag.py:2280} INFO - Setting next_dagrun for example_kubernetes_executor to None
[2024-02-11 19:21:12,457] {scheduler_job.py:190} INFO - Processing /usr/local/lib/python3.8/site-packages/airflow/example_dags/example_kubernetes_executor.py took 0.061 seconds
[2024-02-11 19:21:42,658] {scheduler_job.py:182} INFO - Started process (PID=767) to work on /usr/local/lib/python3.8/site-packages/airflow/example_dags/example_kubernetes_executor.py
[2024-02-11 19:21:42,660] {scheduler_job.py:629} INFO - Processing file /usr/local/lib/python3.8/site-packages/airflow/example_dags/example_kubernetes_executor.py for tasks to queue
[2024-02-11 19:21:42,661] {logging_mixin.py:104} INFO - [2024-02-11 19:21:42,661] {dagbag.py:451} INFO - Filling up the DagBag from /usr/local/lib/python3.8/site-packages/airflow/example_dags/example_kubernetes_executor.py
[2024-02-11 19:21:42,669] {scheduler_job.py:639} INFO - DAG(s) dict_keys(['example_kubernetes_executor']) retrieved from /usr/local/lib/python3.8/site-packages/airflow/example_dags/example_kubernetes_executor.py
[2024-02-11 19:21:42,690] {logging_mixin.py:104} INFO - [2024-02-11 19:21:42,690] {dag.py:1824} INFO - Sync 1 DAGs
[2024-02-11 19:21:42,701] {logging_mixin.py:104} INFO - [2024-02-11 19:21:42,701] {dag.py:2280} INFO - Setting next_dagrun for example_kubernetes_executor to None
[2024-02-11 19:21:42,710] {scheduler_job.py:190} INFO - Processing /usr/local/lib/python3.8/site-packages/airflow/example_dags/example_kubernetes_executor.py took 0.054 seconds
