[2024-02-11 19:14:51,619] {scheduler_job.py:182} INFO - Started process (PID=164) to work on /usr/local/lib/python3.8/site-packages/airflow/example_dags/tutorial_etl_dag.py
[2024-02-11 19:14:51,621] {scheduler_job.py:629} INFO - Processing file /usr/local/lib/python3.8/site-packages/airflow/example_dags/tutorial_etl_dag.py for tasks to queue
[2024-02-11 19:14:51,621] {logging_mixin.py:104} INFO - [2024-02-11 19:14:51,621] {dagbag.py:451} INFO - Filling up the DagBag from /usr/local/lib/python3.8/site-packages/airflow/example_dags/tutorial_etl_dag.py
[2024-02-11 19:14:51,628] {scheduler_job.py:639} INFO - DAG(s) dict_keys(['tutorial_etl_dag']) retrieved from /usr/local/lib/python3.8/site-packages/airflow/example_dags/tutorial_etl_dag.py
[2024-02-11 19:14:51,645] {logging_mixin.py:104} INFO - [2024-02-11 19:14:51,644] {dag.py:1824} INFO - Sync 1 DAGs
[2024-02-11 19:14:51,665] {logging_mixin.py:104} INFO - [2024-02-11 19:14:51,665] {dag.py:2280} INFO - Setting next_dagrun for tutorial_etl_dag to None
[2024-02-11 19:14:51,677] {scheduler_job.py:190} INFO - Processing /usr/local/lib/python3.8/site-packages/airflow/example_dags/tutorial_etl_dag.py took 0.059 seconds
[2024-02-11 19:15:21,596] {scheduler_job.py:182} INFO - Started process (PID=197) to work on /usr/local/lib/python3.8/site-packages/airflow/example_dags/tutorial_etl_dag.py
[2024-02-11 19:15:21,597] {scheduler_job.py:629} INFO - Processing file /usr/local/lib/python3.8/site-packages/airflow/example_dags/tutorial_etl_dag.py for tasks to queue
[2024-02-11 19:15:21,598] {logging_mixin.py:104} INFO - [2024-02-11 19:15:21,598] {dagbag.py:451} INFO - Filling up the DagBag from /usr/local/lib/python3.8/site-packages/airflow/example_dags/tutorial_etl_dag.py
[2024-02-11 19:15:21,605] {scheduler_job.py:639} INFO - DAG(s) dict_keys(['tutorial_etl_dag']) retrieved from /usr/local/lib/python3.8/site-packages/airflow/example_dags/tutorial_etl_dag.py
[2024-02-11 19:15:21,624] {logging_mixin.py:104} INFO - [2024-02-11 19:15:21,624] {dag.py:1824} INFO - Sync 1 DAGs
[2024-02-11 19:15:21,636] {logging_mixin.py:104} INFO - [2024-02-11 19:15:21,636] {dag.py:2280} INFO - Setting next_dagrun for tutorial_etl_dag to None
[2024-02-11 19:15:21,647] {scheduler_job.py:190} INFO - Processing /usr/local/lib/python3.8/site-packages/airflow/example_dags/tutorial_etl_dag.py took 0.054 seconds
[2024-02-11 19:15:51,873] {scheduler_job.py:182} INFO - Started process (PID=322) to work on /usr/local/lib/python3.8/site-packages/airflow/example_dags/tutorial_etl_dag.py
[2024-02-11 19:15:51,874] {scheduler_job.py:629} INFO - Processing file /usr/local/lib/python3.8/site-packages/airflow/example_dags/tutorial_etl_dag.py for tasks to queue
[2024-02-11 19:15:51,875] {logging_mixin.py:104} INFO - [2024-02-11 19:15:51,875] {dagbag.py:451} INFO - Filling up the DagBag from /usr/local/lib/python3.8/site-packages/airflow/example_dags/tutorial_etl_dag.py
[2024-02-11 19:15:51,882] {scheduler_job.py:639} INFO - DAG(s) dict_keys(['tutorial_etl_dag']) retrieved from /usr/local/lib/python3.8/site-packages/airflow/example_dags/tutorial_etl_dag.py
[2024-02-11 19:15:51,902] {logging_mixin.py:104} INFO - [2024-02-11 19:15:51,902] {dag.py:1824} INFO - Sync 1 DAGs
[2024-02-11 19:15:51,914] {logging_mixin.py:104} INFO - [2024-02-11 19:15:51,914] {dag.py:2280} INFO - Setting next_dagrun for tutorial_etl_dag to None
[2024-02-11 19:15:51,925] {scheduler_job.py:190} INFO - Processing /usr/local/lib/python3.8/site-packages/airflow/example_dags/tutorial_etl_dag.py took 0.054 seconds
[2024-02-11 19:16:22,615] {scheduler_job.py:182} INFO - Started process (PID=487) to work on /usr/local/lib/python3.8/site-packages/airflow/example_dags/tutorial_etl_dag.py
[2024-02-11 19:16:22,617] {scheduler_job.py:629} INFO - Processing file /usr/local/lib/python3.8/site-packages/airflow/example_dags/tutorial_etl_dag.py for tasks to queue
[2024-02-11 19:16:22,618] {logging_mixin.py:104} INFO - [2024-02-11 19:16:22,618] {dagbag.py:451} INFO - Filling up the DagBag from /usr/local/lib/python3.8/site-packages/airflow/example_dags/tutorial_etl_dag.py
[2024-02-11 19:16:22,625] {scheduler_job.py:639} INFO - DAG(s) dict_keys(['tutorial_etl_dag']) retrieved from /usr/local/lib/python3.8/site-packages/airflow/example_dags/tutorial_etl_dag.py
[2024-02-11 19:16:22,643] {logging_mixin.py:104} INFO - [2024-02-11 19:16:22,642] {dag.py:1824} INFO - Sync 1 DAGs
[2024-02-11 19:16:22,654] {logging_mixin.py:104} INFO - [2024-02-11 19:16:22,654] {dag.py:2280} INFO - Setting next_dagrun for tutorial_etl_dag to None
[2024-02-11 19:16:22,663] {scheduler_job.py:190} INFO - Processing /usr/local/lib/python3.8/site-packages/airflow/example_dags/tutorial_etl_dag.py took 0.050 seconds
[2024-02-11 19:16:52,982] {scheduler_job.py:182} INFO - Started process (PID=617) to work on /usr/local/lib/python3.8/site-packages/airflow/example_dags/tutorial_etl_dag.py
[2024-02-11 19:16:52,984] {scheduler_job.py:629} INFO - Processing file /usr/local/lib/python3.8/site-packages/airflow/example_dags/tutorial_etl_dag.py for tasks to queue
[2024-02-11 19:16:52,985] {logging_mixin.py:104} INFO - [2024-02-11 19:16:52,985] {dagbag.py:451} INFO - Filling up the DagBag from /usr/local/lib/python3.8/site-packages/airflow/example_dags/tutorial_etl_dag.py
[2024-02-11 19:16:52,994] {scheduler_job.py:639} INFO - DAG(s) dict_keys(['tutorial_etl_dag']) retrieved from /usr/local/lib/python3.8/site-packages/airflow/example_dags/tutorial_etl_dag.py
[2024-02-11 19:16:53,018] {logging_mixin.py:104} INFO - [2024-02-11 19:16:53,018] {dag.py:1824} INFO - Sync 1 DAGs
[2024-02-11 19:16:53,030] {logging_mixin.py:104} INFO - [2024-02-11 19:16:53,030] {dag.py:2280} INFO - Setting next_dagrun for tutorial_etl_dag to None
[2024-02-11 19:16:53,041] {scheduler_job.py:190} INFO - Processing /usr/local/lib/python3.8/site-packages/airflow/example_dags/tutorial_etl_dag.py took 0.062 seconds
[2024-02-11 19:19:41,579] {scheduler_job.py:182} INFO - Started process (PID=217) to work on /usr/local/lib/python3.8/site-packages/airflow/example_dags/tutorial_etl_dag.py
[2024-02-11 19:19:41,580] {scheduler_job.py:629} INFO - Processing file /usr/local/lib/python3.8/site-packages/airflow/example_dags/tutorial_etl_dag.py for tasks to queue
[2024-02-11 19:19:41,581] {logging_mixin.py:104} INFO - [2024-02-11 19:19:41,581] {dagbag.py:451} INFO - Filling up the DagBag from /usr/local/lib/python3.8/site-packages/airflow/example_dags/tutorial_etl_dag.py
[2024-02-11 19:19:41,589] {scheduler_job.py:639} INFO - DAG(s) dict_keys(['tutorial_etl_dag']) retrieved from /usr/local/lib/python3.8/site-packages/airflow/example_dags/tutorial_etl_dag.py
[2024-02-11 19:19:41,609] {logging_mixin.py:104} INFO - [2024-02-11 19:19:41,609] {dag.py:1824} INFO - Sync 1 DAGs
[2024-02-11 19:19:41,615] {logging_mixin.py:104} INFO - [2024-02-11 19:19:41,615] {dag.py:1843} INFO - Creating ORM DAG for tutorial_etl_dag
[2024-02-11 19:19:41,620] {logging_mixin.py:104} INFO - [2024-02-11 19:19:41,620] {dag.py:2280} INFO - Setting next_dagrun for tutorial_etl_dag to None
[2024-02-11 19:19:41,633] {scheduler_job.py:190} INFO - Processing /usr/local/lib/python3.8/site-packages/airflow/example_dags/tutorial_etl_dag.py took 0.056 seconds
[2024-02-11 19:20:11,717] {scheduler_job.py:182} INFO - Started process (PID=334) to work on /usr/local/lib/python3.8/site-packages/airflow/example_dags/tutorial_etl_dag.py
[2024-02-11 19:20:11,719] {scheduler_job.py:629} INFO - Processing file /usr/local/lib/python3.8/site-packages/airflow/example_dags/tutorial_etl_dag.py for tasks to queue
[2024-02-11 19:20:11,721] {logging_mixin.py:104} INFO - [2024-02-11 19:20:11,721] {dagbag.py:451} INFO - Filling up the DagBag from /usr/local/lib/python3.8/site-packages/airflow/example_dags/tutorial_etl_dag.py
[2024-02-11 19:20:11,733] {scheduler_job.py:639} INFO - DAG(s) dict_keys(['tutorial_etl_dag']) retrieved from /usr/local/lib/python3.8/site-packages/airflow/example_dags/tutorial_etl_dag.py
[2024-02-11 19:20:11,758] {logging_mixin.py:104} INFO - [2024-02-11 19:20:11,758] {dag.py:1824} INFO - Sync 1 DAGs
[2024-02-11 19:20:11,770] {logging_mixin.py:104} INFO - [2024-02-11 19:20:11,770] {dag.py:2280} INFO - Setting next_dagrun for tutorial_etl_dag to None
[2024-02-11 19:20:11,782] {scheduler_job.py:190} INFO - Processing /usr/local/lib/python3.8/site-packages/airflow/example_dags/tutorial_etl_dag.py took 0.069 seconds
[2024-02-11 19:20:41,814] {scheduler_job.py:182} INFO - Started process (PID=457) to work on /usr/local/lib/python3.8/site-packages/airflow/example_dags/tutorial_etl_dag.py
[2024-02-11 19:20:41,815] {scheduler_job.py:629} INFO - Processing file /usr/local/lib/python3.8/site-packages/airflow/example_dags/tutorial_etl_dag.py for tasks to queue
[2024-02-11 19:20:41,816] {logging_mixin.py:104} INFO - [2024-02-11 19:20:41,816] {dagbag.py:451} INFO - Filling up the DagBag from /usr/local/lib/python3.8/site-packages/airflow/example_dags/tutorial_etl_dag.py
[2024-02-11 19:20:41,824] {scheduler_job.py:639} INFO - DAG(s) dict_keys(['tutorial_etl_dag']) retrieved from /usr/local/lib/python3.8/site-packages/airflow/example_dags/tutorial_etl_dag.py
[2024-02-11 19:20:41,843] {logging_mixin.py:104} INFO - [2024-02-11 19:20:41,843] {dag.py:1824} INFO - Sync 1 DAGs
[2024-02-11 19:20:41,853] {logging_mixin.py:104} INFO - [2024-02-11 19:20:41,853] {dag.py:2280} INFO - Setting next_dagrun for tutorial_etl_dag to None
[2024-02-11 19:20:41,862] {scheduler_job.py:190} INFO - Processing /usr/local/lib/python3.8/site-packages/airflow/example_dags/tutorial_etl_dag.py took 0.050 seconds
[2024-02-11 19:21:11,914] {scheduler_job.py:182} INFO - Started process (PID=582) to work on /usr/local/lib/python3.8/site-packages/airflow/example_dags/tutorial_etl_dag.py
[2024-02-11 19:21:11,916] {scheduler_job.py:629} INFO - Processing file /usr/local/lib/python3.8/site-packages/airflow/example_dags/tutorial_etl_dag.py for tasks to queue
[2024-02-11 19:21:11,917] {logging_mixin.py:104} INFO - [2024-02-11 19:21:11,917] {dagbag.py:451} INFO - Filling up the DagBag from /usr/local/lib/python3.8/site-packages/airflow/example_dags/tutorial_etl_dag.py
[2024-02-11 19:21:11,924] {scheduler_job.py:639} INFO - DAG(s) dict_keys(['tutorial_etl_dag']) retrieved from /usr/local/lib/python3.8/site-packages/airflow/example_dags/tutorial_etl_dag.py
[2024-02-11 19:21:11,948] {logging_mixin.py:104} INFO - [2024-02-11 19:21:11,948] {dag.py:1824} INFO - Sync 1 DAGs
[2024-02-11 19:21:11,959] {logging_mixin.py:104} INFO - [2024-02-11 19:21:11,959] {dag.py:2280} INFO - Setting next_dagrun for tutorial_etl_dag to None
[2024-02-11 19:21:11,970] {scheduler_job.py:190} INFO - Processing /usr/local/lib/python3.8/site-packages/airflow/example_dags/tutorial_etl_dag.py took 0.058 seconds
[2024-02-11 19:21:42,345] {scheduler_job.py:182} INFO - Started process (PID=727) to work on /usr/local/lib/python3.8/site-packages/airflow/example_dags/tutorial_etl_dag.py
[2024-02-11 19:21:42,347] {scheduler_job.py:629} INFO - Processing file /usr/local/lib/python3.8/site-packages/airflow/example_dags/tutorial_etl_dag.py for tasks to queue
[2024-02-11 19:21:42,348] {logging_mixin.py:104} INFO - [2024-02-11 19:21:42,348] {dagbag.py:451} INFO - Filling up the DagBag from /usr/local/lib/python3.8/site-packages/airflow/example_dags/tutorial_etl_dag.py
[2024-02-11 19:21:42,355] {scheduler_job.py:639} INFO - DAG(s) dict_keys(['tutorial_etl_dag']) retrieved from /usr/local/lib/python3.8/site-packages/airflow/example_dags/tutorial_etl_dag.py
[2024-02-11 19:21:42,375] {logging_mixin.py:104} INFO - [2024-02-11 19:21:42,375] {dag.py:1824} INFO - Sync 1 DAGs
[2024-02-11 19:21:42,385] {logging_mixin.py:104} INFO - [2024-02-11 19:21:42,385] {dag.py:2280} INFO - Setting next_dagrun for tutorial_etl_dag to None
[2024-02-11 19:21:42,393] {scheduler_job.py:190} INFO - Processing /usr/local/lib/python3.8/site-packages/airflow/example_dags/tutorial_etl_dag.py took 0.051 seconds
